This file contains any messages produced by compilers while
running configure, to aid debugging if configure makes a mistake.

It was created by configure, which was
generated by GNU Autoconf 2.58.  Invocation command line was

  $ ./configure --with-pic=no

## --------- ##
## Platform. ##
## --------- ##

hostname = (none)
uname -m = mips
uname -r = 2.4.18_dev-xilleon_x220
uname -s = Linux
uname -v = #1 Fri Apr 22 16:14:26 PDT 2005

/usr/bin/uname -p = unknown
/bin/uname -X     = unknown

/bin/arch              = mips
/usr/bin/arch -k       = unknown
/usr/convex/getsysinfo = unknown
hostinfo               = unknown
/bin/machine           = unknown
/usr/bin/oslevel       = unknown
/bin/universe          = unknown

PATH: .
PATH: /usr/local/bin
PATH: /bin
PATH: /usr/bin
PATH: /sbin
PATH: /usr/sbin
PATH: /mnt/smb/terra/video/New/Develop/bin


## ----------- ##
## Core tests. ##
## ----------- ##

configure:1550: checking for a BSD-compatible install
configure:1605: result: autotools/install-sh -c
configure:1616: checking whether build environment is sane
configure:1659: result: yes
configure:1692: checking for gawk
configure:1708: found /bin/gawk
configure:1718: result: gawk
configure:1728: checking whether make sets $(MAKE)
configure:1748: result: yes
configure:1914: checking whether to enable maintainer-specific portions of Makefiles
configure:1923: result: no
configure:1944: checking build system type
configure:1962: result: mipsel-unknown-linux-gnu
configure:1970: checking host system type
configure:1984: result: mipsel-unknown-linux-gnu
configure:2039: checking for gcc
configure:2055: found /usr/bin/gcc
configure:2065: result: gcc
configure:2309: checking for C compiler version
configure:2312: gcc --version </dev/null >&5
2.96
configure:2315: $? = 0
configure:2317: gcc -v </dev/null >&5
Reading specs from /usr/lib/gcc-lib/mipsel-redhat-linux/2.96/specs
gcc version 2.96 20000731 (Red Hat Linux 7.1 2.96-96.1)
configure:2320: $? = 0
configure:2322: gcc -V </dev/null >&5
gcc: argument to `-V' is missing
configure:2325: $? = 1
configure:2348: checking for C compiler default output file name
configure:2351: gcc    conftest.c  >&5
configure:2354: $? = 0
configure:2400: result: a.out
configure:2405: checking whether the C compiler works
configure:2411: ./a.out
configure:2414: $? = 0
configure:2431: result: yes
configure:2438: checking whether we are cross compiling
configure:2440: result: no
configure:2443: checking for suffix of executables
configure:2445: gcc -o conftest    conftest.c  >&5
configure:2448: $? = 0
configure:2473: result: 
configure:2479: checking for suffix of object files
configure:2500: gcc -c   conftest.c >&5
configure:2503: $? = 0
configure:2525: result: o
configure:2529: checking whether we are using the GNU C compiler
configure:2553: gcc -c   conftest.c >&5
configure:2559: $? = 0
configure:2563: test -z 
			 || test ! -s conftest.err
configure:2566: $? = 0
configure:2569: test -s conftest.o
configure:2572: $? = 0
configure:2585: result: yes
configure:2591: checking whether gcc accepts -g
configure:2612: gcc -c -g  conftest.c >&5
configure:2618: $? = 0
configure:2622: test -z 
			 || test ! -s conftest.err
configure:2625: $? = 0
configure:2628: test -s conftest.o
configure:2631: $? = 0
configure:2642: result: yes
configure:2659: checking for gcc option to accept ANSI C
configure:2729: gcc  -c -g -O2  conftest.c >&5
configure:2735: $? = 0
configure:2739: test -z 
			 || test ! -s conftest.err
configure:2742: $? = 0
configure:2745: test -s conftest.o
configure:2748: $? = 0
configure:2766: result: none needed
configure:2784: gcc -c -g -O2  conftest.c >&5
conftest.c:2: parse error before `me'
configure:2790: $? = 1
configure: failed program was:
| #ifndef __cplusplus
|   choke me
| #endif
configure:2934: checking for style of include used by make
configure:2962: result: GNU
configure:2990: checking dependency style of gcc
configure:3073: result: gcc3
configure:3096: checking how to run the C preprocessor
configure:3131: gcc -E  conftest.c
configure:3137: $? = 0
configure:3169: gcc -E  conftest.c
conftest.c:11:28: ac_nonexistent.h: No such file or directory
configure:3175: $? = 1
configure: failed program was:
| /* confdefs.h.  */
| 
| #define PACKAGE_NAME ""
| #define PACKAGE_TARNAME ""
| #define PACKAGE_VERSION ""
| #define PACKAGE_STRING ""
| #define PACKAGE_BUGREPORT ""
| #define PACKAGE "mpeg2dec"
| #define VERSION "0.4.0"
| /* end confdefs.h.  */
| #include <ac_nonexistent.h>
configure:3214: result: gcc -E
configure:3238: gcc -E  conftest.c
configure:3244: $? = 0
configure:3276: gcc -E  conftest.c
conftest.c:11:28: ac_nonexistent.h: No such file or directory
configure:3282: $? = 1
configure: failed program was:
| /* confdefs.h.  */
| 
| #define PACKAGE_NAME ""
| #define PACKAGE_TARNAME ""
| #define PACKAGE_VERSION ""
| #define PACKAGE_STRING ""
| #define PACKAGE_BUGREPORT ""
| #define PACKAGE "mpeg2dec"
| #define VERSION "0.4.0"
| /* end confdefs.h.  */
| #include <ac_nonexistent.h>
configure:3326: checking for egrep
configure:3336: result: grep -E
configure:3342: checking whether gcc needs -traditional
configure:3384: result: no
configure:3392: checking for ANSI C header files
configure:3417: gcc -c -g -O2  conftest.c >&5
configure:3423: $? = 0
configure:3427: test -z 
			 || test ! -s conftest.err
configure:3430: $? = 0
configure:3433: test -s conftest.o
configure:3436: $? = 0
configure:3522: gcc -o conftest -g -O2   conftest.c  >&5
configure:3525: $? = 0
configure:3527: ./conftest
configure:3530: $? = 0
configure:3545: result: yes
configure:3569: checking for sys/types.h
configure:3585: gcc -c -g -O2  conftest.c >&5
configure:3591: $? = 0
configure:3595: test -z 
			 || test ! -s conftest.err
configure:3598: $? = 0
configure:3601: test -s conftest.o
configure:3604: $? = 0
configure:3615: result: yes
configure:3569: checking for sys/stat.h
configure:3585: gcc -c -g -O2  conftest.c >&5
configure:3591: $? = 0
configure:3595: test -z 
			 || test ! -s conftest.err
configure:3598: $? = 0
configure:3601: test -s conftest.o
configure:3604: $? = 0
configure:3615: result: yes
configure:3569: checking for stdlib.h
configure:3585: gcc -c -g -O2  conftest.c >&5
configure:3591: $? = 0
configure:3595: test -z 
			 || test ! -s conftest.err
configure:3598: $? = 0
configure:3601: test -s conftest.o
configure:3604: $? = 0
configure:3615: result: yes
configure:3569: checking for string.h
configure:3585: gcc -c -g -O2  conftest.c >&5
configure:3591: $? = 0
configure:3595: test -z 
			 || test ! -s conftest.err
configure:3598: $? = 0
configure:3601: test -s conftest.o
configure:3604: $? = 0
configure:3615: result: yes
configure:3569: checking for memory.h
configure:3585: gcc -c -g -O2  conftest.c >&5
configure:3591: $? = 0
configure:3595: test -z 
			 || test ! -s conftest.err
configure:3598: $? = 0
configure:3601: test -s conftest.o
configure:3604: $? = 0
configure:3615: result: yes
configure:3569: checking for strings.h
configure:3585: gcc -c -g -O2  conftest.c >&5
configure:3591: $? = 0
configure:3595: test -z 
			 || test ! -s conftest.err
configure:3598: $? = 0
configure:3601: test -s conftest.o
configure:3604: $? = 0
configure:3615: result: yes
configure:3569: checking for inttypes.h
configure:3585: gcc -c -g -O2  conftest.c >&5
configure:3591: $? = 0
configure:3595: test -z 
			 || test ! -s conftest.err
configure:3598: $? = 0
configure:3601: test -s conftest.o
configure:3604: $? = 0
configure:3615: result: yes
configure:3569: checking for stdint.h
configure:3585: gcc -c -g -O2  conftest.c >&5
configure:3591: $? = 0
configure:3595: test -z 
			 || test ! -s conftest.err
configure:3598: $? = 0
configure:3601: test -s conftest.o
configure:3604: $? = 0
configure:3615: result: yes
configure:3569: checking for unistd.h
configure:3585: gcc -c -g -O2  conftest.c >&5
configure:3591: $? = 0
configure:3595: test -z 
			 || test ! -s conftest.err
configure:3598: $? = 0
configure:3601: test -s conftest.o
configure:3604: $? = 0
configure:3615: result: yes
configure:3645: checking sys/time.h usability
configure:3657: gcc -c -g -O2  conftest.c >&5
configure:3663: $? = 0
configure:3667: test -z 
			 || test ! -s conftest.err
configure:3670: $? = 0
configure:3673: test -s conftest.o
configure:3676: $? = 0
configure:3686: result: yes
configure:3690: checking sys/time.h presence
configure:3700: gcc -E  conftest.c
configure:3706: $? = 0
configure:3726: result: yes
configure:3761: checking for sys/time.h
configure:3768: result: yes
configure:3645: checking time.h usability
configure:3657: gcc -c -g -O2  conftest.c >&5
configure:3663: $? = 0
configure:3667: test -z 
			 || test ! -s conftest.err
configure:3670: $? = 0
configure:3673: test -s conftest.o
configure:3676: $? = 0
configure:3686: result: yes
configure:3690: checking time.h presence
configure:3700: gcc -E  conftest.c
configure:3706: $? = 0
configure:3726: result: yes
configure:3761: checking for time.h
configure:3768: result: yes
configure:3645: checking sys/timeb.h usability
configure:3657: gcc -c -g -O2  conftest.c >&5
configure:3663: $? = 0
configure:3667: test -z 
			 || test ! -s conftest.err
configure:3670: $? = 0
configure:3673: test -s conftest.o
configure:3676: $? = 0
configure:3686: result: yes
configure:3690: checking sys/timeb.h presence
configure:3700: gcc -E  conftest.c
configure:3706: $? = 0
configure:3726: result: yes
configure:3761: checking for sys/timeb.h
configure:3768: result: yes
configure:3645: checking io.h usability
configure:3657: gcc -c -g -O2  conftest.c >&5
conftest.c:58:16: io.h: No such file or directory
configure:3663: $? = 1
configure: failed program was:
| /* confdefs.h.  */
| 
| #define PACKAGE_NAME ""
| #define PACKAGE_TARNAME ""
| #define PACKAGE_VERSION ""
| #define PACKAGE_STRING ""
| #define PACKAGE_BUGREPORT ""
| #define PACKAGE "mpeg2dec"
| #define VERSION "0.4.0"
| #define STDC_HEADERS 1
| #define HAVE_SYS_TYPES_H 1
| #define HAVE_SYS_STAT_H 1
| #define HAVE_STDLIB_H 1
| #define HAVE_STRING_H 1
| #define HAVE_MEMORY_H 1
| #define HAVE_STRINGS_H 1
| #define HAVE_INTTYPES_H 1
| #define HAVE_STDINT_H 1
| #define HAVE_UNISTD_H 1
| #define HAVE_SYS_TIME_H 1
| #define HAVE_TIME_H 1
| #define HAVE_SYS_TIMEB_H 1
| /* end confdefs.h.  */
| #include <stdio.h>
| #if HAVE_SYS_TYPES_H
| # include <sys/types.h>
| #endif
| #if HAVE_SYS_STAT_H
| # include <sys/stat.h>
| #endif
| #if STDC_HEADERS
| # include <stdlib.h>
| # include <stddef.h>
| #else
| # if HAVE_STDLIB_H
| #  include <stdlib.h>
| # endif
| #endif
| #if HAVE_STRING_H
| # if !STDC_HEADERS && HAVE_MEMORY_H
| #  include <memory.h>
| # endif
| # include <string.h>
| #endif
| #if HAVE_STRINGS_H
| # include <strings.h>
| #endif
| #if HAVE_INTTYPES_H
| # include <inttypes.h>
| #else
| # if HAVE_STDINT_H
| #  include <stdint.h>
| # endif
| #endif
| #if HAVE_UNISTD_H
| # include <unistd.h>
| #endif
| #include <io.h>
configure:3686: result: no
configure:3690: checking io.h presence
configure:3700: gcc -E  conftest.c
conftest.c:24:16: io.h: No such file or directory
configure:3706: $? = 1
configure: failed program was:
| /* confdefs.h.  */
| 
| #define PACKAGE_NAME ""
| #define PACKAGE_TARNAME ""
| #define PACKAGE_VERSION ""
| #define PACKAGE_STRING ""
| #define PACKAGE_BUGREPORT ""
| #define PACKAGE "mpeg2dec"
| #define VERSION "0.4.0"
| #define STDC_HEADERS 1
| #define HAVE_SYS_TYPES_H 1
| #define HAVE_SYS_STAT_H 1
| #define HAVE_STDLIB_H 1
| #define HAVE_STRING_H 1
| #define HAVE_MEMORY_H 1
| #define HAVE_STRINGS_H 1
| #define HAVE_INTTYPES_H 1
| #define HAVE_STDINT_H 1
| #define HAVE_UNISTD_H 1
| #define HAVE_SYS_TIME_H 1
| #define HAVE_TIME_H 1
| #define HAVE_SYS_TIMEB_H 1
| /* end confdefs.h.  */
| #include <io.h>
configure:3726: result: no
configure:3761: checking for io.h
configure:3768: result: no
configure:3645: checking altivec.h usability
configure:3657: gcc -c -g -O2  conftest.c >&5
conftest.c:58:21: altivec.h: No such file or directory
configure:3663: $? = 1
configure: failed program was:
| /* confdefs.h.  */
| 
| #define PACKAGE_NAME ""
| #define PACKAGE_TARNAME ""
| #define PACKAGE_VERSION ""
| #define PACKAGE_STRING ""
| #define PACKAGE_BUGREPORT ""
| #define PACKAGE "mpeg2dec"
| #define VERSION "0.4.0"
| #define STDC_HEADERS 1
| #define HAVE_SYS_TYPES_H 1
| #define HAVE_SYS_STAT_H 1
| #define HAVE_STDLIB_H 1
| #define HAVE_STRING_H 1
| #define HAVE_MEMORY_H 1
| #define HAVE_STRINGS_H 1
| #define HAVE_INTTYPES_H 1
| #define HAVE_STDINT_H 1
| #define HAVE_UNISTD_H 1
| #define HAVE_SYS_TIME_H 1
| #define HAVE_TIME_H 1
| #define HAVE_SYS_TIMEB_H 1
| /* end confdefs.h.  */
| #include <stdio.h>
| #if HAVE_SYS_TYPES_H
| # include <sys/types.h>
| #endif
| #if HAVE_SYS_STAT_H
| # include <sys/stat.h>
| #endif
| #if STDC_HEADERS
| # include <stdlib.h>
| # include <stddef.h>
| #else
| # if HAVE_STDLIB_H
| #  include <stdlib.h>
| # endif
| #endif
| #if HAVE_STRING_H
| # if !STDC_HEADERS && HAVE_MEMORY_H
| #  include <memory.h>
| # endif
| # include <string.h>
| #endif
| #if HAVE_STRINGS_H
| # include <strings.h>
| #endif
| #if HAVE_INTTYPES_H
| # include <inttypes.h>
| #else
| # if HAVE_STDINT_H
| #  include <stdint.h>
| # endif
| #endif
| #if HAVE_UNISTD_H
| # include <unistd.h>
| #endif
| #include <altivec.h>
configure:3686: result: no
configure:3690: checking altivec.h presence
configure:3700: gcc -E  conftest.c
conftest.c:24:21: altivec.h: No such file or directory
configure:3706: $? = 1
configure: failed program was:
| /* confdefs.h.  */
| 
| #define PACKAGE_NAME ""
| #define PACKAGE_TARNAME ""
| #define PACKAGE_VERSION ""
| #define PACKAGE_STRING ""
| #define PACKAGE_BUGREPORT ""
| #define PACKAGE "mpeg2dec"
| #define VERSION "0.4.0"
| #define STDC_HEADERS 1
| #define HAVE_SYS_TYPES_H 1
| #define HAVE_SYS_STAT_H 1
| #define HAVE_STDLIB_H 1
| #define HAVE_STRING_H 1
| #define HAVE_MEMORY_H 1
| #define HAVE_STRINGS_H 1
| #define HAVE_INTTYPES_H 1
| #define HAVE_STDINT_H 1
| #define HAVE_UNISTD_H 1
| #define HAVE_SYS_TIME_H 1
| #define HAVE_TIME_H 1
| #define HAVE_SYS_TIMEB_H 1
| /* end confdefs.h.  */
| #include <altivec.h>
configure:3726: result: no
configure:3761: checking for altivec.h
configure:3768: result: no
configure:3790: checking if gcc supports  -Wall -g -O2 flags
configure:3810: gcc -c  -Wall -g -O2  conftest.c >&5
configure:3816: $? = 0
configure:3820: test -z 
			 || test ! -s conftest.err
configure:3823: $? = 0
configure:3826: test -s conftest.o
configure:3829: $? = 0
configure:3840: result: yes
configure:3852: checking if gcc supports  -Wall -g  -O3 flags
configure:3872: gcc -c  -Wall -g  -O3  conftest.c >&5
configure:3878: $? = 0
configure:3882: test -z 
			 || test ! -s conftest.err
configure:3885: $? = 0
configure:3888: test -s conftest.o
configure:3891: $? = 0
configure:3902: result: yes
configure:3923: checking if gcc supports  -Wall -g  -O3 -fomit-frame-pointer  flags
configure:3943: gcc -c  -Wall -g  -O3 -fomit-frame-pointer   conftest.c >&5
configure:3949: $? = 0
configure:3953: test -z 
			 || test ! -s conftest.err
configure:3956: $? = 0
configure:3959: test -s conftest.o
configure:3962: $? = 0
configure:3973: result: yes
configure:3983: checking if gcc supports  -Wall -g  -O3 -fomit-frame-pointer -fno-common  flags
configure:4003: gcc -c  -Wall -g  -O3 -fomit-frame-pointer -fno-common   conftest.c >&5
configure:4009: $? = 0
configure:4013: test -z 
			 || test ! -s conftest.err
configure:4016: $? = 0
configure:4019: test -s conftest.o
configure:4022: $? = 0
configure:4033: result: yes
configure:4536: checking for a sed that does not truncate output
configure:4590: result: /bin/sed
configure:4604: checking for ld used by gcc
configure:4671: result: /usr/bin/ld
configure:4680: checking if the linker (/usr/bin/ld) is GNU ld
configure:4695: result: yes
configure:4700: checking for /usr/bin/ld option to reload object files
configure:4707: result: -r
configure:4716: checking for BSD-compatible nm
configure:4758: result: /usr/bin/nm -B
configure:4762: checking whether ln -s works
configure:4769: result: no, using cp -p
configure:4773: checking how to recognise dependent libraries
configure:4947: result: pass_all
configure:5411: checking dlfcn.h usability
configure:5423: gcc -c   conftest.c >&5
configure:5429: $? = 0
configure:5433: test -z 
			 || test ! -s conftest.err
configure:5436: $? = 0
configure:5439: test -s conftest.o
configure:5442: $? = 0
configure:5452: result: yes
configure:5456: checking dlfcn.h presence
configure:5466: gcc -E  conftest.c
configure:5472: $? = 0
configure:5492: result: yes
configure:5527: checking for dlfcn.h
configure:5534: result: yes
configure:5599: checking for g++
configure:5615: found /usr/bin/g++
configure:5625: result: g++
configure:5641: checking for C++ compiler version
configure:5644: g++ --version </dev/null >&5
2.96
configure:5647: $? = 0
configure:5649: g++ -v </dev/null >&5
Reading specs from /usr/lib/gcc-lib/mipsel-redhat-linux/2.96/specs
gcc version 2.96 20000731 (Red Hat Linux 7.1 2.96-96.1)
configure:5652: $? = 0
configure:5654: g++ -V </dev/null >&5
g++: argument to `-V' missing

configure:5657: $? = 1
configure:5660: checking whether we are using the GNU C++ compiler
configure:5684: g++ -c   conftest.cc >&5
configure:5690: $? = 0
configure:5694: test -z 
			 || test ! -s conftest.err
configure:5697: $? = 0
configure:5700: test -s conftest.o
configure:5703: $? = 0
configure:5716: result: yes
configure:5722: checking whether g++ accepts -g
configure:5743: g++ -c -g  conftest.cc >&5
configure:5749: $? = 0
configure:5753: test -z 
			 || test ! -s conftest.err
configure:5756: $? = 0
configure:5759: test -s conftest.o
configure:5762: $? = 0
configure:5773: result: yes
configure:5815: g++ -c -g -O2  conftest.cc >&5
configure:5821: $? = 0
configure:5825: test -z 
			 || test ! -s conftest.err
configure:5828: $? = 0
configure:5831: test -s conftest.o
configure:5834: $? = 0
configure:5860: g++ -c -g -O2  conftest.cc >&5
conftest.cc: In function `int main ()':
conftest.cc:29: `exit' undeclared (first use this function)
conftest.cc:29: (Each undeclared identifier is reported only once for 
each function it appears in.)
configure:5866: $? = 1
configure: failed program was:
| /* confdefs.h.  */
| 
| #define PACKAGE_NAME ""
| #define PACKAGE_TARNAME ""
| #define PACKAGE_VERSION ""
| #define PACKAGE_STRING ""
| #define PACKAGE_BUGREPORT ""
| #define PACKAGE "mpeg2dec"
| #define VERSION "0.4.0"
| #define STDC_HEADERS 1
| #define HAVE_SYS_TYPES_H 1
| #define HAVE_SYS_STAT_H 1
| #define HAVE_STDLIB_H 1
| #define HAVE_STRING_H 1
| #define HAVE_MEMORY_H 1
| #define HAVE_STRINGS_H 1
| #define HAVE_INTTYPES_H 1
| #define HAVE_STDINT_H 1
| #define HAVE_UNISTD_H 1
| #define HAVE_SYS_TIME_H 1
| #define HAVE_TIME_H 1
| #define HAVE_SYS_TIMEB_H 1
| #define HAVE_DLFCN_H 1
| /* end confdefs.h.  */
| 
| int
| main ()
| {
| exit (42);
|   ;
|   return 0;
| }
configure:5815: g++ -c -g -O2  conftest.cc >&5
configure:5821: $? = 0
configure:5825: test -z 
			 || test ! -s conftest.err
configure:5828: $? = 0
configure:5831: test -s conftest.o
configure:5834: $? = 0
configure:5860: g++ -c -g -O2  conftest.cc >&5
configure:5866: $? = 0
configure:5870: test -z 
			 || test ! -s conftest.err
configure:5873: $? = 0
configure:5876: test -s conftest.o
configure:5879: $? = 0
configure:5904: checking dependency style of g++
configure:5987: result: gcc3
configure:6009: checking how to run the C++ preprocessor
configure:6040: g++ -E  conftest.cc
configure:6046: $? = 0
configure:6078: g++ -E  conftest.cc
conftest.cc:28:28: ac_nonexistent.h: No such file or directory
configure:6084: $? = 1
configure: failed program was:
| /* confdefs.h.  */
| 
| #define PACKAGE_NAME ""
| #define PACKAGE_TARNAME ""
| #define PACKAGE_VERSION ""
| #define PACKAGE_STRING ""
| #define PACKAGE_BUGREPORT ""
| #define PACKAGE "mpeg2dec"
| #define VERSION "0.4.0"
| #define STDC_HEADERS 1
| #define HAVE_SYS_TYPES_H 1
| #define HAVE_SYS_STAT_H 1
| #define HAVE_STDLIB_H 1
| #define HAVE_STRING_H 1
| #define HAVE_MEMORY_H 1
| #define HAVE_STRINGS_H 1
| #define HAVE_INTTYPES_H 1
| #define HAVE_STDINT_H 1
| #define HAVE_UNISTD_H 1
| #define HAVE_SYS_TIME_H 1
| #define HAVE_TIME_H 1
| #define HAVE_SYS_TIMEB_H 1
| #define HAVE_DLFCN_H 1
| #ifdef __cplusplus
| extern "C" void std::exit (int) throw (); using std::exit;
| #endif
| /* end confdefs.h.  */
| #include <ac_nonexistent.h>
configure:6123: result: g++ -E
configure:6147: g++ -E  conftest.cc
configure:6153: $? = 0
configure:6185: g++ -E  conftest.cc
conftest.cc:28:28: ac_nonexistent.h: No such file or directory
configure:6191: $? = 1
configure: failed program was:
| /* confdefs.h.  */
| 
| #define PACKAGE_NAME ""
| #define PACKAGE_TARNAME ""
| #define PACKAGE_VERSION ""
| #define PACKAGE_STRING ""
| #define PACKAGE_BUGREPORT ""
| #define PACKAGE "mpeg2dec"
| #define VERSION "0.4.0"
| #define STDC_HEADERS 1
| #define HAVE_SYS_TYPES_H 1
| #define HAVE_SYS_STAT_H 1
| #define HAVE_STDLIB_H 1
| #define HAVE_STRING_H 1
| #define HAVE_MEMORY_H 1
| #define HAVE_STRINGS_H 1
| #define HAVE_INTTYPES_H 1
| #define HAVE_STDINT_H 1
| #define HAVE_UNISTD_H 1
| #define HAVE_SYS_TIME_H 1
| #define HAVE_TIME_H 1
| #define HAVE_SYS_TIMEB_H 1
| #define HAVE_DLFCN_H 1
| #ifdef __cplusplus
| extern "C" void std::exit (int) throw (); using std::exit;
| #endif
| /* end confdefs.h.  */
| #include <ac_nonexistent.h>
configure:6286: checking for g77
configure:6315: result: no
configure:6286: checking for f77
configure:6315: result: no
configure:6286: checking for xlf
configure:6315: result: no
configure:6286: checking for frt
configure:6315: result: no
configure:6286: checking for pgf77
configure:6315: result: no
configure:6286: checking for fort77
configure:6315: result: no
configure:6286: checking for fl32
configure:6315: result: no
configure:6286: checking for af77
configure:6315: result: no
configure:6286: checking for f90
configure:6315: result: no
configure:6286: checking for xlf90
configure:6315: result: no
configure:6286: checking for pgf90
configure:6315: result: no
configure:6286: checking for epcf90
configure:6315: result: no
configure:6286: checking for f95
configure:6315: result: no
configure:6286: checking for fort
configure:6315: result: no
configure:6286: checking for xlf95
configure:6315: result: no
configure:6286: checking for ifc
configure:6315: result: no
configure:6286: checking for efc
configure:6315: result: no
configure:6286: checking for pgf95
configure:6315: result: no
configure:6286: checking for lf95
configure:6315: result: no
configure:6286: checking for gfortran
configure:6315: result: no
configure:6330: checking for Fortran 77 compiler version
configure:6330:  --version </dev/null >&5
./configure: --version: command not found
configure:6333: $? = 127
configure:6335:  -v </dev/null >&5
./configure: -v: command not found
configure:6338: $? = 127
configure:6340:  -V </dev/null >&5
./configure: -V: command not found
configure:6343: $? = 127
configure:6351: checking whether we are using the GNU Fortran 77 compiler
configure:6365:  -c  conftest.F >&5
./configure: -c: command not found
configure:6371: $? = 127
configure: failed program was:
|       program main
| #ifndef __GNUC__
|        choke me
| #endif
| 
|       end
configure:6397: result: no
configure:6403: checking whether  accepts -g
configure:6415:  -c -g conftest.f >&5
./configure: -c: command not found
configure:6421: $? = 127
configure: failed program was:
|       program main
| 
|       end
configure:6446: result: no
configure:6476: checking the maximum length of command line arguments
configure:6541: result: 32768
configure:6552: checking command to parse /usr/bin/nm -B output from gcc object
configure:6641: gcc -c   conftest.c >&5
configure:6644: $? = 0
configure:6648: /usr/bin/nm -B conftest.o \| sed -n -e 's/^.*[ 	]\([ABCDGIRSTW][ABCDGIRSTW]*\)[ 	][ 	]*\(\)\([_A-Za-z][_A-Za-z0-9]*\)$/\1 \2\3 \3/p' \> conftest.nm
configure:6651: $? = 0
configure:6703: gcc -o conftest    conftest.c conftstm.o >&5
configure:6706: $? = 0
configure:6744: result: ok
configure:6748: checking for objdir
configure:6763: result: .libs
configure:6853: checking for ar
configure:6869: found /usr/bin/ar
configure:6880: result: ar
configure:6933: checking for ranlib
configure:6949: found /usr/bin/ranlib
configure:6960: result: ranlib
configure:7013: checking for strip
configure:7029: found /usr/bin/strip
configure:7040: result: strip
configure:7302: checking if gcc static flag  works
configure:7325: result: yes
configure:7343: checking if gcc supports -fno-rtti -fno-exceptions
configure:7364: gcc -c   -fno-rtti -fno-exceptions conftest.c >&5
configure:7368: $? = 0
configure:7376: result: yes
configure:7391: checking for gcc option to produce PIC
configure:7568: result: -fPIC
configure:7576: checking if gcc PIC flag -fPIC works
configure:7597: gcc -c   -fPIC -DPIC conftest.c >&5
configure:7601: $? = 0
configure:7609: result: yes
configure:7633: checking if gcc supports -c -o file.o
configure:7664: gcc -c   -o out/conftest2.o conftest.c >&5
configure:7668: $? = 0
configure:7685: result: yes
configure:7711: checking whether the gcc linker (/usr/bin/ld) supports shared libraries
configure:8559: result: yes
configure:8630: checking dynamic linker characteristics
configure:9170: result: GNU/Linux ld.so
configure:9174: checking how to hardcode library paths into programs
configure:9199: result: immediate
configure:9213: checking whether stripping libraries is possible
configure:9218: result: yes
configure:10048: checking if libtool supports shared libraries
configure:10050: result: yes
configure:10053: checking whether to build shared libraries
configure:10111: result: no
configure:10114: checking whether to build static libraries
configure:10118: result: yes
configure:10210: creating libtool
configure:10757: checking for ld used by g++
configure:10824: result: /usr/bin/ld
configure:10833: checking if the linker (/usr/bin/ld) is GNU ld
configure:10848: result: yes
configure:10899: checking whether the g++ linker (/usr/bin/ld) supports shared libraries
configure:11727: result: yes
configure:11745: g++ -c -g -O2  conftest.cc >&5
configure:11748: $? = 0
configure:11844: checking for g++ option to produce PIC
configure:12096: result: -fPIC
configure:12104: checking if g++ PIC flag -fPIC works
configure:12125: g++ -c -g -O2  -fPIC -DPIC conftest.cc >&5
configure:12129: $? = 0
configure:12137: result: yes
configure:12161: checking if g++ supports -c -o file.o
configure:12192: g++ -c -g -O2  -o out/conftest2.o conftest.cc >&5
configure:12196: $? = 0
configure:12213: result: yes
configure:12239: checking whether the g++ linker (/usr/bin/ld) supports shared libraries
configure:12264: result: yes
configure:12335: checking dynamic linker characteristics
configure:12875: result: GNU/Linux ld.so
configure:12879: checking how to hardcode library paths into programs
configure:12904: result: immediate
configure:12918: checking whether stripping libraries is possible
configure:12923: result: yes
configure:20176: checking whether time.h and sys/time.h may both be included
configure:20201: gcc -c   conftest.c >&5
configure:20207: $? = 0
configure:20211: test -z 
			 || test ! -s conftest.err
configure:20214: $? = 0
configure:20217: test -s conftest.o
configure:20220: $? = 0
configure:20231: result: yes
configure:20241: checking for struct timeval
configure:20267: gcc -c   conftest.c >&5
configure:20273: $? = 0
configure:20277: test -z 
			 || test ! -s conftest.err
configure:20280: $? = 0
configure:20283: test -s conftest.o
configure:20286: $? = 0
configure:20297: result: yes
configure:20310: checking for inttypes.h
configure:20315: result: yes
configure:23296: checking for an ANSI C-conforming const
configure:23363: gcc -c   conftest.c >&5
configure:23369: $? = 0
configure:23373: test -z 
			 || test ! -s conftest.err
configure:23376: $? = 0
configure:23379: test -s conftest.o
configure:23382: $? = 0
configure:23393: result: yes
configure:23403: checking for inline
configure:23424: gcc -c   conftest.c >&5
configure:23430: $? = 0
configure:23434: test -z 
			 || test ! -s conftest.err
configure:23437: $? = 0
configure:23440: test -s conftest.o
configure:23443: $? = 0
configure:23455: result: inline
configure:23475: checking for always_inline
configure:23498: gcc -c  -Wall -Werror  conftest.c >&5
cc1: warnings being treated as errors
conftest.c: In function `main':
conftest.c:34: warning: `__always_inline__' attribute directive ignored
configure:23504: $? = 1
configure: failed program was:
| /* confdefs.h.  */
| 
| #define PACKAGE_NAME ""
| #define PACKAGE_TARNAME ""
| #define PACKAGE_VERSION ""
| #define PACKAGE_STRING ""
| #define PACKAGE_BUGREPORT ""
| #define PACKAGE "mpeg2dec"
| #define VERSION "0.4.0"
| #define STDC_HEADERS 1
| #define HAVE_SYS_TYPES_H 1
| #define HAVE_SYS_STAT_H 1
| #define HAVE_STDLIB_H 1
| #define HAVE_STRING_H 1
| #define HAVE_MEMORY_H 1
| #define HAVE_STRINGS_H 1
| #define HAVE_INTTYPES_H 1
| #define HAVE_STDINT_H 1
| #define HAVE_UNISTD_H 1
| #define HAVE_SYS_TIME_H 1
| #define HAVE_TIME_H 1
| #define HAVE_SYS_TIMEB_H 1
| #define HAVE_DLFCN_H 1
| #ifdef __cplusplus
| extern "C" void std::exit (int) throw (); using std::exit;
| #endif
| #define TIME_WITH_SYS_TIME 1
| #define HAVE_STRUCT_TIMEVAL 1
| /* end confdefs.h.  */
| 
| int
| main ()
| {
| __attribute__ ((__always_inline__)) void f (void);
| 	    #ifdef __cplusplus
| 	    42 = 42;	// obviously illegal - we want c++ to fail here
| 	    #endif
|   ;
|   return 0;
| }
configure:23528: result: no
configure:23537: checking for restrict
configure:23557: gcc -c   conftest.c >&5
conftest.c: In function `main':
conftest.c:34: syntax error before `p'
configure:23563: $? = 1
configure: failed program was:
| /* confdefs.h.  */
| 
| #define PACKAGE_NAME ""
| #define PACKAGE_TARNAME ""
| #define PACKAGE_VERSION ""
| #define PACKAGE_STRING ""
| #define PACKAGE_BUGREPORT ""
| #define PACKAGE "mpeg2dec"
| #define VERSION "0.4.0"
| #define STDC_HEADERS 1
| #define HAVE_SYS_TYPES_H 1
| #define HAVE_SYS_STAT_H 1
| #define HAVE_STDLIB_H 1
| #define HAVE_STRING_H 1
| #define HAVE_MEMORY_H 1
| #define HAVE_STRINGS_H 1
| #define HAVE_INTTYPES_H 1
| #define HAVE_STDINT_H 1
| #define HAVE_UNISTD_H 1
| #define HAVE_SYS_TIME_H 1
| #define HAVE_TIME_H 1
| #define HAVE_SYS_TIMEB_H 1
| #define HAVE_DLFCN_H 1
| #ifdef __cplusplus
| extern "C" void std::exit (int) throw (); using std::exit;
| #endif
| #define TIME_WITH_SYS_TIME 1
| #define HAVE_STRUCT_TIMEVAL 1
| /* end confdefs.h.  */
| 
| int
| main ()
| {
| char * restrict p;
|   ;
|   return 0;
| }
configure:23557: gcc -c   conftest.c >&5
configure:23563: $? = 0
configure:23567: test -z 
			 || test ! -s conftest.err
configure:23570: $? = 0
configure:23573: test -s conftest.o
configure:23576: $? = 0
configure:23586: result: __restrict__
configure:23600: checking for __builtin_expect
configure:23615: gcc  -nostdlib -nostartfiles
            -o conftest conftest.c -lgcc >&5
/usr/bin/ld: warning: cannot find entry symbol __start; defaulting to 00000000004000b0
configure:23618: $? = 0
configure:23626: result: yes
configure:23635: checking whether byte ordering is bigendian
configure:23662: gcc -c   conftest.c >&5
configure:23668: $? = 0
configure:23672: test -z 
			 || test ! -s conftest.err
configure:23675: $? = 0
configure:23678: test -s conftest.o
configure:23681: $? = 0
configure:23705: gcc -c   conftest.c >&5
conftest.c: In function `main':
conftest.c:39: `not' undeclared (first use in this function)
conftest.c:39: (Each undeclared identifier is reported only once
conftest.c:39: for each function it appears in.)
conftest.c:39: parse error before `big'
configure:23711: $? = 1
configure: failed program was:
| /* confdefs.h.  */
| 
| #define PACKAGE_NAME ""
| #define PACKAGE_TARNAME ""
| #define PACKAGE_VERSION ""
| #define PACKAGE_STRING ""
| #define PACKAGE_BUGREPORT ""
| #define PACKAGE "mpeg2dec"
| #define VERSION "0.4.0"
| #define STDC_HEADERS 1
| #define HAVE_SYS_TYPES_H 1
| #define HAVE_SYS_STAT_H 1
| #define HAVE_STDLIB_H 1
| #define HAVE_STRING_H 1
| #define HAVE_MEMORY_H 1
| #define HAVE_STRINGS_H 1
| #define HAVE_INTTYPES_H 1
| #define HAVE_STDINT_H 1
| #define HAVE_UNISTD_H 1
| #define HAVE_SYS_TIME_H 1
| #define HAVE_TIME_H 1
| #define HAVE_SYS_TIMEB_H 1
| #define HAVE_DLFCN_H 1
| #ifdef __cplusplus
| extern "C" void std::exit (int) throw (); using std::exit;
| #endif
| #define TIME_WITH_SYS_TIME 1
| #define HAVE_STRUCT_TIMEVAL 1
| #define restrict __restrict__
| #define HAVE_BUILTIN_EXPECT
| /* end confdefs.h.  */
| #include <sys/types.h>
| #include <sys/param.h>
| 
| int
| main ()
| {
| #if BYTE_ORDER != BIG_ENDIAN
|  not big endian
| #endif
| 
|   ;
|   return 0;
| }
configure:23846: result: no
configure:23865: checking for working volatile
configure:23888: gcc -c   conftest.c >&5
configure:23894: $? = 0
configure:23898: test -z 
			 || test ! -s conftest.err
configure:23901: $? = 0
configure:23904: test -s conftest.o
configure:23907: $? = 0
configure:23918: result: yes
configure:23928: checking for size_t
configure:23952: gcc -c   conftest.c >&5
configure:23958: $? = 0
configure:23962: test -z 
			 || test ! -s conftest.err
configure:23965: $? = 0
configure:23968: test -s conftest.o
configure:23971: $? = 0
configure:23982: result: yes
configure:23994: checking return type of signal handlers
configure:24025: gcc -c   conftest.c >&5
configure:24031: $? = 0
configure:24035: test -z 
			 || test ! -s conftest.err
configure:24038: $? = 0
configure:24041: test -s conftest.o
configure:24044: $? = 0
configure:24055: result: void
configure:24070: checking for special C compiler options needed for large files
configure:24169: result: no
configure:24175: checking for _FILE_OFFSET_BITS value needed for large files
configure:24206: gcc -c   conftest.c >&5
conftest.c:39: warning: left shift count >= width of type
conftest.c:39: warning: left shift count >= width of type
conftest.c:41: size of array `off_t_is_large' is negative
configure:24212: $? = 1
configure: failed program was:
| /* confdefs.h.  */
| 
| #define PACKAGE_NAME ""
| #define PACKAGE_TARNAME ""
| #define PACKAGE_VERSION ""
| #define PACKAGE_STRING ""
| #define PACKAGE_BUGREPORT ""
| #define PACKAGE "mpeg2dec"
| #define VERSION "0.4.0"
| #define STDC_HEADERS 1
| #define HAVE_SYS_TYPES_H 1
| #define HAVE_SYS_STAT_H 1
| #define HAVE_STDLIB_H 1
| #define HAVE_STRING_H 1
| #define HAVE_MEMORY_H 1
| #define HAVE_STRINGS_H 1
| #define HAVE_INTTYPES_H 1
| #define HAVE_STDINT_H 1
| #define HAVE_UNISTD_H 1
| #define HAVE_SYS_TIME_H 1
| #define HAVE_TIME_H 1
| #define HAVE_SYS_TIMEB_H 1
| #define HAVE_DLFCN_H 1
| #ifdef __cplusplus
| extern "C" void std::exit (int) throw (); using std::exit;
| #endif
| #define TIME_WITH_SYS_TIME 1
| #define HAVE_STRUCT_TIMEVAL 1
| #define restrict __restrict__
| #define HAVE_BUILTIN_EXPECT
| #define RETSIGTYPE void
| /* end confdefs.h.  */
| #include <sys/types.h>
|  /* Check that off_t can represent 2**63 - 1 correctly.
|     We can't simply define LARGE_OFF_T to be 9223372036854775807,
|     since some C++ compilers masquerading as C compilers
|     incorrectly reject 9223372036854775807.  */
| #define LARGE_OFF_T (((off_t) 1 << 62) - 1 + ((off_t) 1 << 62))
|   int off_t_is_large[(LARGE_OFF_T % 2147483629 == 721
| 		       && LARGE_OFF_T % 2147483647 == 1)
| 		      ? 1 : -1];
| int
| main ()
| {
| 
|   ;
|   return 0;
| }
configure:24259: gcc -c   conftest.c >&5
configure:24265: $? = 0
configure:24269: test -z 
			 || test ! -s conftest.err
configure:24272: $? = 0
configure:24275: test -s conftest.o
configure:24278: $? = 0
configure:24290: result: 64
configure:24300: checking for _LARGE_FILES value needed for large files
configure:24331: gcc -c   conftest.c >&5
configure:24337: $? = 0
configure:24341: test -z 
			 || test ! -s conftest.err
configure:24344: $? = 0
configure:24347: test -s conftest.o
configure:24350: $? = 0
configure:24415: result: no
configure:24433: checking for gettimeofday
configure:24490: gcc -o conftest    conftest.c  >&5
configure:24496: $? = 0
configure:24500: test -z 
			 || test ! -s conftest.err
configure:24503: $? = 0
configure:24506: test -s conftest
configure:24509: $? = 0
configure:24521: result: yes
configure:24433: checking for ftime
configure:24490: gcc -o conftest    conftest.c  >&5
configure:24496: $? = 0
configure:24500: test -z 
			 || test ! -s conftest.err
configure:24503: $? = 0
configure:24506: test -s conftest
configure:24509: $? = 0
configure:24521: result: yes
configure:24534: checking if libtool supports -prefer-non-pic flag
configure:24546: result: yes
configure:24570: checking for X
configure:24675: gcc -E  conftest.c
conftest.c:37:27: X11/Intrinsic.h: No such file or directory
configure:24681: $? = 1
configure: failed program was:
| /* confdefs.h.  */
| 
| #define PACKAGE_NAME ""
| #define PACKAGE_TARNAME ""
| #define PACKAGE_VERSION ""
| #define PACKAGE_STRING ""
| #define PACKAGE_BUGREPORT ""
| #define PACKAGE "mpeg2dec"
| #define VERSION "0.4.0"
| #define STDC_HEADERS 1
| #define HAVE_SYS_TYPES_H 1
| #define HAVE_SYS_STAT_H 1
| #define HAVE_STDLIB_H 1
| #define HAVE_STRING_H 1
| #define HAVE_MEMORY_H 1
| #define HAVE_STRINGS_H 1
| #define HAVE_INTTYPES_H 1
| #define HAVE_STDINT_H 1
| #define HAVE_UNISTD_H 1
| #define HAVE_SYS_TIME_H 1
| #define HAVE_TIME_H 1
| #define HAVE_SYS_TIMEB_H 1
| #define HAVE_DLFCN_H 1
| #ifdef __cplusplus
| extern "C" void std::exit (int) throw (); using std::exit;
| #endif
| #define TIME_WITH_SYS_TIME 1
| #define HAVE_STRUCT_TIMEVAL 1
| #define restrict __restrict__
| #define HAVE_BUILTIN_EXPECT
| #define RETSIGTYPE void
| #define _FILE_OFFSET_BITS 64
| #define HAVE_GETTIMEOFDAY 1
| #define HAVE_FTIME 1
| #define ACCEL_DETECT
| /* end confdefs.h.  */
| #include <X11/Intrinsic.h>
configure:24731: gcc -o conftest    conftest.c -lXt  >&5
conftest.c:37:27: X11/Intrinsic.h: No such file or directory
configure:24737: $? = 1
configure: failed program was:
| /* confdefs.h.  */
| 
| #define PACKAGE_NAME ""
| #define PACKAGE_TARNAME ""
| #define PACKAGE_VERSION ""
| #define PACKAGE_STRING ""
| #define PACKAGE_BUGREPORT ""
| #define PACKAGE "mpeg2dec"
| #define VERSION "0.4.0"
| #define STDC_HEADERS 1
| #define HAVE_SYS_TYPES_H 1
| #define HAVE_SYS_STAT_H 1
| #define HAVE_STDLIB_H 1
| #define HAVE_STRING_H 1
| #define HAVE_MEMORY_H 1
| #define HAVE_STRINGS_H 1
| #define HAVE_INTTYPES_H 1
| #define HAVE_STDINT_H 1
| #define HAVE_UNISTD_H 1
| #define HAVE_SYS_TIME_H 1
| #define HAVE_TIME_H 1
| #define HAVE_SYS_TIMEB_H 1
| #define HAVE_DLFCN_H 1
| #ifdef __cplusplus
| extern "C" void std::exit (int) throw (); using std::exit;
| #endif
| #define TIME_WITH_SYS_TIME 1
| #define HAVE_STRUCT_TIMEVAL 1
| #define restrict __restrict__
| #define HAVE_BUILTIN_EXPECT
| #define RETSIGTYPE void
| #define _FILE_OFFSET_BITS 64
| #define HAVE_GETTIMEOFDAY 1
| #define HAVE_FTIME 1
| #define ACCEL_DETECT
| /* end confdefs.h.  */
| #include <X11/Intrinsic.h>
| int
| main ()
| {
| XtMalloc (0)
|   ;
|   return 0;
| }
configure:24790: result: no
configure:26124: checking ddraw.h usability
configure:26136: gcc -c   conftest.c >&5
conftest.c:72:19: ddraw.h: No such file or directory
configure:26142: $? = 1
configure: failed program was:
| /* confdefs.h.  */
| 
| #define PACKAGE_NAME ""
| #define PACKAGE_TARNAME ""
| #define PACKAGE_VERSION ""
| #define PACKAGE_STRING ""
| #define PACKAGE_BUGREPORT ""
| #define PACKAGE "mpeg2dec"
| #define VERSION "0.4.0"
| #define STDC_HEADERS 1
| #define HAVE_SYS_TYPES_H 1
| #define HAVE_SYS_STAT_H 1
| #define HAVE_STDLIB_H 1
| #define HAVE_STRING_H 1
| #define HAVE_MEMORY_H 1
| #define HAVE_STRINGS_H 1
| #define HAVE_INTTYPES_H 1
| #define HAVE_STDINT_H 1
| #define HAVE_UNISTD_H 1
| #define HAVE_SYS_TIME_H 1
| #define HAVE_TIME_H 1
| #define HAVE_SYS_TIMEB_H 1
| #define HAVE_DLFCN_H 1
| #ifdef __cplusplus
| extern "C" void std::exit (int) throw (); using std::exit;
| #endif
| #define TIME_WITH_SYS_TIME 1
| #define HAVE_STRUCT_TIMEVAL 1
| #define restrict __restrict__
| #define HAVE_BUILTIN_EXPECT
| #define RETSIGTYPE void
| #define _FILE_OFFSET_BITS 64
| #define HAVE_GETTIMEOFDAY 1
| #define HAVE_FTIME 1
| #define ACCEL_DETECT
| #define X_DISPLAY_MISSING 1
| /* end confdefs.h.  */
| #include <stdio.h>
| #if HAVE_SYS_TYPES_H
| # include <sys/types.h>
| #endif
| #if HAVE_SYS_STAT_H
| # include <sys/stat.h>
| #endif
| #if STDC_HEADERS
| # include <stdlib.h>
| # include <stddef.h>
| #else
| # if HAVE_STDLIB_H
| #  include <stdlib.h>
| # endif
| #endif
| #if HAVE_STRING_H
| # if !STDC_HEADERS && HAVE_MEMORY_H
| #  include <memory.h>
| # endif
| # include <string.h>
| #endif
| #if HAVE_STRINGS_H
| # include <strings.h>
| #endif
| #if HAVE_INTTYPES_H
| # include <inttypes.h>
| #else
| # if HAVE_STDINT_H
| #  include <stdint.h>
| # endif
| #endif
| #if HAVE_UNISTD_H
| # include <unistd.h>
| #endif
| #include <ddraw.h>
configure:26165: result: no
configure:26169: checking ddraw.h presence
configure:26179: gcc -E  conftest.c
conftest.c:38:19: ddraw.h: No such file or directory
configure:26185: $? = 1
configure: failed program was:
| /* confdefs.h.  */
| 
| #define PACKAGE_NAME ""
| #define PACKAGE_TARNAME ""
| #define PACKAGE_VERSION ""
| #define PACKAGE_STRING ""
| #define PACKAGE_BUGREPORT ""
| #define PACKAGE "mpeg2dec"
| #define VERSION "0.4.0"
| #define STDC_HEADERS 1
| #define HAVE_SYS_TYPES_H 1
| #define HAVE_SYS_STAT_H 1
| #define HAVE_STDLIB_H 1
| #define HAVE_STRING_H 1
| #define HAVE_MEMORY_H 1
| #define HAVE_STRINGS_H 1
| #define HAVE_INTTYPES_H 1
| #define HAVE_STDINT_H 1
| #define HAVE_UNISTD_H 1
| #define HAVE_SYS_TIME_H 1
| #define HAVE_TIME_H 1
| #define HAVE_SYS_TIMEB_H 1
| #define HAVE_DLFCN_H 1
| #ifdef __cplusplus
| extern "C" void std::exit (int) throw (); using std::exit;
| #endif
| #define TIME_WITH_SYS_TIME 1
| #define HAVE_STRUCT_TIMEVAL 1
| #define restrict __restrict__
| #define HAVE_BUILTIN_EXPECT
| #define RETSIGTYPE void
| #define _FILE_OFFSET_BITS 64
| #define HAVE_GETTIMEOFDAY 1
| #define HAVE_FTIME 1
| #define ACCEL_DETECT
| #define X_DISPLAY_MISSING 1
| /* end confdefs.h.  */
| #include <ddraw.h>
configure:26205: result: no
configure:26240: checking for ddraw.h
configure:26247: result: no
configure:26285: checking for sdl-config
configure:26314: result: no
configure:26420: checking __attribute__ ((aligned ())) support
configure:26452: gcc -c  -Werror  conftest.c >&5
configure:26458: $? = 0
configure:26462: test -z 
			 || test ! -s conftest.err
configure:26465: $? = 0
configure:26468: test -s conftest.o
configure:26471: $? = 0
configure:26452: gcc -c  -Werror  conftest.c >&5
configure:26458: $? = 0
configure:26462: test -z 
			 || test ! -s conftest.err
configure:26465: $? = 0
configure:26468: test -s conftest.o
configure:26471: $? = 0
configure:26452: gcc -c  -Werror  conftest.c >&5
configure:26458: $? = 0
configure:26462: test -z 
			 || test ! -s conftest.err
configure:26465: $? = 0
configure:26468: test -s conftest.o
configure:26471: $? = 0
configure:26452: gcc -c  -Werror  conftest.c >&5
configure:26458: $? = 0
configure:26462: test -z 
			 || test ! -s conftest.err
configure:26465: $? = 0
configure:26468: test -s conftest.o
configure:26471: $? = 0
configure:26452: gcc -c  -Werror  conftest.c >&5
configure:26458: $? = 0
configure:26462: test -z 
			 || test ! -s conftest.err
configure:26465: $? = 0
configure:26468: test -s conftest.o
configure:26471: $? = 0
configure:26452: gcc -c  -Werror  conftest.c >&5
configure:26458: $? = 0
configure:26462: test -z 
			 || test ! -s conftest.err
configure:26465: $? = 0
configure:26468: test -s conftest.o
configure:26471: $? = 0
configure:26482: result: 64
configure:26616: creating ./config.status

## ---------------------- ##
## Running config.status. ##
## ---------------------- ##

This file was extended by config.status, which was
generated by GNU Autoconf 2.58.  Invocation command line was

  CONFIG_FILES    = 
  CONFIG_HEADERS  = 
  CONFIG_LINKS    = 
  CONFIG_COMMANDS = 
  $ ./config.status 

on (none)

config.status:759: creating Makefile
config.status:759: creating autotools/Makefile
config.status:759: creating include/Makefile
config.status:759: creating test/Makefile
config.status:759: creating doc/Makefile
config.status:759: creating src/Makefile
config.status:759: creating libmpeg2/Makefile
config.status:759: creating libmpeg2/convert/Makefile
config.status:759: creating libvo/Makefile
config.status:759: creating vc++/Makefile
config.status:759: creating libmpeg2/libmpeg2.pc
config.status:759: creating libmpeg2/convert/libmpeg2convert.pc
config.status:863: creating include/config.h
config.status:1176: executing depfiles commands

## ---------------- ##
## Cache variables. ##
## ---------------- ##

ac_cv_always_inline=no
ac_cv_build=mipsel-unknown-linux-gnu
ac_cv_build_alias=mipsel-unknown-linux-gnu
ac_cv_builtin_expect=yes
ac_cv_c_attr_align_try=64
ac_cv_c_attribute_aligned=64
ac_cv_c_bigendian=no
ac_cv_c_compiler_gnu=yes
ac_cv_c_const=yes
ac_cv_c_inline=inline
ac_cv_c_restrict=__restrict__
ac_cv_c_volatile=yes
ac_cv_cxx_compiler_gnu=yes
ac_cv_env_CC_set=
ac_cv_env_CC_value=
ac_cv_env_CFLAGS_set=
ac_cv_env_CFLAGS_value=
ac_cv_env_CPPFLAGS_set=
ac_cv_env_CPPFLAGS_value=
ac_cv_env_CPP_set=
ac_cv_env_CPP_value=
ac_cv_env_CXXCPP_set=
ac_cv_env_CXXCPP_value=
ac_cv_env_CXXFLAGS_set=
ac_cv_env_CXXFLAGS_value=
ac_cv_env_CXX_set=
ac_cv_env_CXX_value=
ac_cv_env_F77_set=
ac_cv_env_F77_value=
ac_cv_env_FFLAGS_set=
ac_cv_env_FFLAGS_value=
ac_cv_env_LDFLAGS_set=
ac_cv_env_LDFLAGS_value=
ac_cv_env_build_alias_set=
ac_cv_env_build_alias_value=
ac_cv_env_host_alias_set=
ac_cv_env_host_alias_value=
ac_cv_env_target_alias_set=
ac_cv_env_target_alias_value=
ac_cv_exeext=
ac_cv_f77_compiler_gnu=no
ac_cv_func_ftime=yes
ac_cv_func_gettimeofday=yes
ac_cv_have_x=have_x=no
ac_cv_header_altivec_h=no
ac_cv_header_ddraw_h=no
ac_cv_header_dlfcn_h=yes
ac_cv_header_inttypes_h=yes
ac_cv_header_io_h=no
ac_cv_header_memory_h=yes
ac_cv_header_stdc=yes
ac_cv_header_stdint_h=yes
ac_cv_header_stdlib_h=yes
ac_cv_header_string_h=yes
ac_cv_header_strings_h=yes
ac_cv_header_sys_stat_h=yes
ac_cv_header_sys_time_h=yes
ac_cv_header_sys_timeb_h=yes
ac_cv_header_sys_types_h=yes
ac_cv_header_time=yes
ac_cv_header_time_h=yes
ac_cv_header_unistd_h=yes
ac_cv_host=mipsel-unknown-linux-gnu
ac_cv_host_alias=mipsel-unknown-linux-gnu
ac_cv_libtool_non_pic=yes
ac_cv_objext=o
ac_cv_prog_AWK=gawk
ac_cv_prog_CPP='gcc -E'
ac_cv_prog_CXXCPP='g++ -E'
ac_cv_prog_ac_ct_AR=ar
ac_cv_prog_ac_ct_CC=gcc
ac_cv_prog_ac_ct_CXX=g++
ac_cv_prog_ac_ct_RANLIB=ranlib
ac_cv_prog_ac_ct_STRIP=strip
ac_cv_prog_cc_g=yes
ac_cv_prog_cc_stdc=
ac_cv_prog_cxx_g=yes
ac_cv_prog_egrep='grep -E'
ac_cv_prog_f77_g=no
ac_cv_prog_gcc_traditional=no
ac_cv_prog_make_make_set=yes
ac_cv_sys_file_offset_bits=64
ac_cv_sys_large_files=no
ac_cv_sys_largefile_CC=no
ac_cv_try_cflags_ok=yes
ac_cv_type_signal=void
ac_cv_type_size_t=yes
ac_cv_type_struct_timeval=yes
am_cv_CC_dependencies_compiler_type=gcc3
am_cv_CXX_dependencies_compiler_type=gcc3
lt_cv_deplibs_check_method=pass_all
lt_cv_file_magic_cmd='$MAGIC_CMD'
lt_cv_file_magic_test_file=
lt_cv_ld_reload_flag=-r
lt_cv_objdir=.libs
lt_cv_path_LD=/usr/bin/ld
lt_cv_path_LDCXX=/usr/bin/ld
lt_cv_path_NM='/usr/bin/nm -B'
lt_cv_path_SED=/bin/sed
lt_cv_prog_compiler_c_o=yes
lt_cv_prog_compiler_c_o_CXX=yes
lt_cv_prog_compiler_rtti_exceptions=yes
lt_cv_prog_gnu_ld=yes
lt_cv_prog_gnu_ldcxx=yes
lt_cv_sys_global_symbol_pipe='sed -n -e '\''s/^.*[ 	]\([ABCDGIRSTW][ABCDGIRSTW]*\)[ 	][ 	]*\(\)\([_A-Za-z][_A-Za-z0-9]*\)$/\1 \2\3 \3/p'\'''
lt_cv_sys_global_symbol_to_c_name_address='sed -n -e '\''s/^: \([^ ]*\) $/  {\"\1\", (lt_ptr) 0},/p'\'' -e '\''s/^[BCDEGRST] \([^ ]*\) \([^ ]*\)$/  {"\2", (lt_ptr) \&\2},/p'\'''
lt_cv_sys_global_symbol_to_cdecl='sed -n -e '\''s/^. .* \(.*\)$/extern int \1;/p'\'''
lt_cv_sys_max_cmd_len=32768
lt_lt_cv_prog_compiler_c_o='"yes"'
lt_lt_cv_prog_compiler_c_o_CXX='"yes"'
lt_lt_cv_sys_global_symbol_pipe='"sed -n -e '\''s/^.*[ 	]\\([ABCDGIRSTW][ABCDGIRSTW]*\\)[ 	][ 	]*\\(\\)\\([_A-Za-z][_A-Za-z0-9]*\\)\$/\\1 \\2\\3 \\3/p'\''"'
lt_lt_cv_sys_global_symbol_to_c_name_address='"sed -n -e '\''s/^: \\([^ ]*\\) \$/  {\\\"\\1\\\", (lt_ptr) 0},/p'\'' -e '\''s/^[BCDEGRST] \\([^ ]*\\) \\([^ ]*\\)\$/  {\"\\2\", (lt_ptr) \\&\\2},/p'\''"'
lt_lt_cv_sys_global_symbol_to_cdecl='"sed -n -e '\''s/^. .* \\(.*\\)\$/extern int \\1;/p'\''"'

## ----------------- ##
## Output variables. ##
## ----------------- ##

ACLOCAL='${SHELL} /mnt/smb/terra/video/New/Develop/src/vlc-0.8.1/src/mpeg2dec-0.4.0/autotools/missing --run aclocal-1.7'
AMDEPBACKSLASH='\'
AMDEP_FALSE='#'
AMDEP_TRUE=''
AMTAR='${SHELL} /mnt/smb/terra/video/New/Develop/src/vlc-0.8.1/src/mpeg2dec-0.4.0/autotools/missing --run tar'
AR='ar'
ARCH_OPT_CFLAGS=''
AS='as'
AUTOCONF='${SHELL} /mnt/smb/terra/video/New/Develop/src/vlc-0.8.1/src/mpeg2dec-0.4.0/autotools/missing --run autoconf'
AUTOHEADER='${SHELL} /mnt/smb/terra/video/New/Develop/src/vlc-0.8.1/src/mpeg2dec-0.4.0/autotools/missing --run autoheader'
AUTOMAKE='${SHELL} /mnt/smb/terra/video/New/Develop/src/vlc-0.8.1/src/mpeg2dec-0.4.0/autotools/missing --run automake-1.7'
AWK='gawk'
CC='gcc'
CCDEPMODE='depmode=gcc3'
CFLAGS=''
CPP='gcc -E'
CPPFLAGS=''
CXX='g++'
CXXCPP='g++ -E'
CXXDEPMODE='depmode=gcc3'
CXXFLAGS='-g -O2'
CYGPATH_W='echo'
DEFS='-DHAVE_CONFIG_H'
DEPDIR='.deps'
DLLTOOL='dlltool'
ECHO='echo'
ECHO_C=''
ECHO_N='-n'
ECHO_T=''
EGREP='grep -E'
EXEEXT=''
F77=''
FFLAGS=''
INCLUDES='-I$(top_srcdir)/include -I$(top_builddir)/include'
INSTALL_DATA='${INSTALL} -m 644'
INSTALL_PROGRAM='${INSTALL}'
INSTALL_SCRIPT='${INSTALL}'
INSTALL_STRIP_PROGRAM='${SHELL} $(install_sh) -c -s'
LDFLAGS=''
LIBMPEG2_CFLAGS=' -prefer-non-pic'
LIBOBJS=''
LIBS=''
LIBTOOL='$(SHELL) $(top_builddir)/libtool'
LIBVO_CFLAGS=''
LIBVO_LIBS=''
LN_S='cp -p'
LTLIBOBJS=''
MAINT='#'
MAINTAINER_MODE_FALSE=''
MAINTAINER_MODE_TRUE='#'
MAKEINFO='${SHELL} /mnt/smb/terra/video/New/Develop/src/vlc-0.8.1/src/mpeg2dec-0.4.0/autotools/missing --run makeinfo'
MPEG2DEC_CFLAGS=' -Wall -g  -O3 -fomit-frame-pointer -fno-common'
OBJDUMP='objdump'
OBJEXT='o'
OPT_CFLAGS=' -Wall -g  -O3 -fomit-frame-pointer -fno-common'
PACKAGE='mpeg2dec'
PACKAGE_BUGREPORT=''
PACKAGE_NAME=''
PACKAGE_STRING=''
PACKAGE_TARNAME=''
PACKAGE_VERSION=''
PATH_SEPARATOR=':'
RANLIB='ranlib'
SDLCONFIG=''
SET_MAKE=''
SHELL='/bin/sh'
STRIP='strip'
VERSION='0.4.0'
X_CFLAGS=''
X_EXTRA_LIBS=''
X_LIBS=''
X_PRE_LIBS=''
ac_ct_AR='ar'
ac_ct_AS=''
ac_ct_CC='gcc'
ac_ct_CXX='g++'
ac_ct_DLLTOOL=''
ac_ct_F77=''
ac_ct_OBJDUMP=''
ac_ct_RANLIB='ranlib'
ac_ct_STRIP='strip'
am__fastdepCC_FALSE='#'
am__fastdepCC_TRUE=''
am__fastdepCXX_FALSE='#'
am__fastdepCXX_TRUE=''
am__include='include'
am__leading_dot='.'
am__quote=''
bindir='${exec_prefix}/bin'
build='mipsel-unknown-linux-gnu'
build_alias=''
build_cpu='mipsel'
build_os='linux-gnu'
build_vendor='unknown'
datadir='${prefix}/share'
exec_prefix='${prefix}'
host='mipsel-unknown-linux-gnu'
host_alias=''
host_cpu='mipsel'
host_os='linux-gnu'
host_vendor='unknown'
includedir='${prefix}/include'
infodir='${prefix}/info'
install_sh='/mnt/smb/terra/video/New/Develop/src/vlc-0.8.1/src/mpeg2dec-0.4.0/autotools/install-sh'
libdir='${exec_prefix}/lib'
libexecdir='${exec_prefix}/libexec'
localstatedir='${prefix}/var'
mandir='${prefix}/man'
oldincludedir='/usr/include'
prefix='/usr/local'
program_transform_name='s,x,x,'
sbindir='${exec_prefix}/sbin'
sharedstatedir='${prefix}/com'
sysconfdir='${prefix}/etc'
target_alias=''

## ----------- ##
## confdefs.h. ##
## ----------- ##

#define ACCEL_DETECT
#define ATTRIBUTE_ALIGNED_MAX 64
#define HAVE_BUILTIN_EXPECT
#define HAVE_DLFCN_H 1
#define HAVE_FTIME 1
#define HAVE_GETTIMEOFDAY 1
#define HAVE_INTTYPES_H 1
#define HAVE_MEMORY_H 1
#define HAVE_STDINT_H 1
#define HAVE_STDLIB_H 1
#define HAVE_STRINGS_H 1
#define HAVE_STRING_H 1
#define HAVE_STRUCT_TIMEVAL 1
#define HAVE_SYS_STAT_H 1
#define HAVE_SYS_TIMEB_H 1
#define HAVE_SYS_TIME_H 1
#define HAVE_SYS_TYPES_H 1
#define HAVE_TIME_H 1
#define HAVE_UNISTD_H 1
#define PACKAGE "mpeg2dec"
#define PACKAGE_BUGREPORT ""
#define PACKAGE_NAME ""
#define PACKAGE_STRING ""
#define PACKAGE_TARNAME ""
#define PACKAGE_VERSION ""
#define RETSIGTYPE void
#define STDC_HEADERS 1
#define TIME_WITH_SYS_TIME 1
#define VERSION "0.4.0"
#define X_DISPLAY_MISSING 1
#define _FILE_OFFSET_BITS 64
#define restrict __restrict__
#endif
#ifdef __cplusplus
extern "C" void std::exit (int) throw (); using std::exit;

configure: exit 0
