This file contains any messages produced by compilers while
running configure, to aid debugging if configure makes a mistake.

It was created by configure, which was
generated by GNU Autoconf 2.53a.  Invocation command line was

  $ ./configure 

## --------- ##
## Platform. ##
## --------- ##

hostname = (none)
uname -m = mips
uname -r = 2.4.18_dev-xilleon_x220
uname -s = Linux
uname -v = #1 Fri Jun 17 11:57:44 PDT 2005

/usr/bin/uname -p = unknown
/bin/uname -X     = unknown

/bin/arch              = mips
/usr/bin/arch -k       = unknown
/usr/convex/getsysinfo = unknown
hostinfo               = unknown
/bin/machine           = unknown
/usr/bin/oslevel       = unknown
/bin/universe          = unknown

PATH: .
PATH: /usr/local/bin
PATH: /bin
PATH: /usr/bin
PATH: /sbin
PATH: /usr/sbin
PATH: /mnt/smb/terra/video/New/Develop/bin


## ----------- ##
## Core tests. ##
## ----------- ##

configure:1515: checking for a BSD-compatible install
configure:1569: result: ./install-sh -c
configure:1580: checking whether build environment is sane
configure:1623: result: yes
configure:1656: checking for gawk
configure:1672: found /bin/gawk
configure:1682: result: gawk
configure:1692: checking whether make sets ${MAKE}
configure:1712: result: yes
configure:1878: checking for style of include used by make
configure:1906: result: none
configure:1977: checking for gcc
configure:1993: found /usr/bin/gcc
configure:2003: result: gcc
configure:2245: checking for C compiler version
configure:2248: gcc --version </dev/null >&5
2.96
configure:2251: $? = 0
configure:2253: gcc -v </dev/null >&5
Reading specs from /usr/lib/gcc-lib/mipsel-redhat-linux/2.96/specs
gcc version 2.96 20000731 (Red Hat Linux 7.1 2.96-96.1)
configure:2256: $? = 0
configure:2258: gcc -V </dev/null >&5
gcc: argument to `-V' is missing
configure:2261: $? = 1
configure:2287: checking for C compiler default output
configure:2290: gcc    conftest.c  >&5
configure:2293: $? = 0
configure:2326: result: a.out
configure:2331: checking whether the C compiler works
configure:2337: ./a.out
configure:2340: $? = 0
configure:2355: result: yes
configure:2362: checking whether we are cross compiling
configure:2364: result: no
configure:2367: checking for suffix of executables
configure:2369: gcc -o conftest    conftest.c  >&5
configure:2372: $? = 0
configure:2394: result: 
configure:2400: checking for suffix of object files
configure:2424: gcc -c   conftest.c >&5
configure:2427: $? = 0
configure:2446: result: o
configure:2450: checking whether we are using the GNU C compiler
configure:2477: gcc -c   conftest.c >&5
configure:2480: $? = 0
configure:2483: test -s conftest.o
configure:2486: $? = 0
configure:2498: result: yes
configure:2504: checking whether gcc accepts -g
configure:2528: gcc -c -g  conftest.c >&5
configure:2531: $? = 0
configure:2534: test -s conftest.o
configure:2537: $? = 0
configure:2547: result: yes
configure:2564: checking for gcc option to accept ANSI C
configure:2627: gcc  -c -g -O2  conftest.c >&5
configure:2630: $? = 0
configure:2633: test -s conftest.o
configure:2636: $? = 0
configure:2653: result: none needed
configure:2671: gcc -c -g -O2  conftest.c >&5
conftest.c:2: parse error before `me'
configure:2674: $? = 1
configure: failed program was:
#ifndef __cplusplus
  choke me
#endif
configure:2786: checking dependency style of gcc
configure:2848: result: none
configure:2854: checking for library containing strerror
configure:2887: gcc -o conftest -g -O2   conftest.c  >&5
configure:2890: $? = 0
configure:2893: test -s conftest
configure:2896: $? = 0
configure:2955: result: none required
configure:3035: checking build system type
configure:3053: result: mipsel-unknown-linux-gnu
configure:3061: checking host system type
configure:3075: result: mipsel-unknown-linux-gnu
configure:3105: checking for ld used by GCC
configure:3168: result: /usr/bin/ld
configure:3177: checking if the linker (/usr/bin/ld) is GNU ld
GNU ld version 2.11.92.0.10 20011021
configure:3189: result: yes
configure:3194: checking for /usr/bin/ld option to reload object files
configure:3201: result: -r
configure:3206: checking for BSD-compatible nm
configure:3242: result: /usr/bin/nm -B
configure:3245: checking whether ln -s works
configure:3252: result: no, using cp -p
configure:3256: checking how to recognise dependant libraries
configure:3434: result: file_magic ELF [0-9][0-9]*-bit [LM]SB (shared object|dynamic lib )
configure:3446: checking command to parse /usr/bin/nm -B output
configure:3527: gcc -c -g -O2  conftest.c >&5
configure:3530: $? = 0
configure:3534: /usr/bin/nm -B conftest.o \| sed -n -e 's/^.*[ 	]\([ABCDGISTW][ABCDGISTW]*\)[ 	][ 	]*\(\)\([_A-Za-z][_A-Za-z0-9]*\)$/\1 \2\3 \3/p' \> conftest.nm
configure:3537: $? = 0
configure:3589: gcc -o conftest -g -O2   conftest.c conftstm.o >&5
configure:3592: $? = 0
configure:3636: result: ok
configure:3645: checking how to run the C preprocessor
configure:3671: gcc -E  conftest.c
configure:3677: $? = 0
configure:3704: gcc -E  conftest.c
configure:3700:28: ac_nonexistent.h: No such file or directory
configure:3710: $? = 1
configure: failed program was:
#line 3699 "configure"
#include "confdefs.h"
#include <ac_nonexistent.h>
configure:3747: result: gcc -E
configure:3762: gcc -E  conftest.c
configure:3768: $? = 0
configure:3795: gcc -E  conftest.c
configure:3791:28: ac_nonexistent.h: No such file or directory
configure:3801: $? = 1
configure: failed program was:
#line 3790 "configure"
#include "confdefs.h"
#include <ac_nonexistent.h>
configure:3841: checking for ANSI C header files
configure:3855: gcc -E  conftest.c
configure:3861: $? = 0
configure:3946: gcc -o conftest -g -O2   conftest.c  >&5
configure:3949: $? = 0
configure:3951: ./conftest
configure:3954: $? = 0
configure:3968: result: yes
configure:3992: checking for sys/types.h
configure:4005: gcc -c -g -O2  conftest.c >&5
configure:4008: $? = 0
configure:4011: test -s conftest.o
configure:4014: $? = 0
configure:4024: result: yes
configure:3992: checking for sys/stat.h
configure:4005: gcc -c -g -O2  conftest.c >&5
configure:4008: $? = 0
configure:4011: test -s conftest.o
configure:4014: $? = 0
configure:4024: result: yes
configure:3992: checking for stdlib.h
configure:4005: gcc -c -g -O2  conftest.c >&5
configure:4008: $? = 0
configure:4011: test -s conftest.o
configure:4014: $? = 0
configure:4024: result: yes
configure:3992: checking for string.h
configure:4005: gcc -c -g -O2  conftest.c >&5
configure:4008: $? = 0
configure:4011: test -s conftest.o
configure:4014: $? = 0
configure:4024: result: yes
configure:3992: checking for memory.h
configure:4005: gcc -c -g -O2  conftest.c >&5
configure:4008: $? = 0
configure:4011: test -s conftest.o
configure:4014: $? = 0
configure:4024: result: yes
configure:3992: checking for strings.h
configure:4005: gcc -c -g -O2  conftest.c >&5
configure:4008: $? = 0
configure:4011: test -s conftest.o
configure:4014: $? = 0
configure:4024: result: yes
configure:3992: checking for inttypes.h
configure:4005: gcc -c -g -O2  conftest.c >&5
configure:4008: $? = 0
configure:4011: test -s conftest.o
configure:4014: $? = 0
configure:4024: result: yes
configure:3992: checking for stdint.h
configure:4005: gcc -c -g -O2  conftest.c >&5
configure:4008: $? = 0
configure:4011: test -s conftest.o
configure:4014: $? = 0
configure:4024: result: yes
configure:3992: checking for unistd.h
configure:4005: gcc -c -g -O2  conftest.c >&5
configure:4008: $? = 0
configure:4011: test -s conftest.o
configure:4014: $? = 0
configure:4024: result: yes
configure:4050: checking dlfcn.h usability
configure:4059: gcc -c -g -O2  conftest.c >&5
configure:4062: $? = 0
configure:4065: test -s conftest.o
configure:4068: $? = 0
configure:4077: result: yes
configure:4081: checking dlfcn.h presence
configure:4088: gcc -E  conftest.c
configure:4094: $? = 0
configure:4112: result: yes
configure:4130: checking for dlfcn.h
configure:4137: result: yes
configure:4158: checking for file
configure:4213: result: /usr/bin/file
configure:4334: checking for ranlib
configure:4350: found /usr/bin/ranlib
configure:4361: result: ranlib
configure:4414: checking for strip
configure:4430: found /usr/bin/strip
configure:4441: result: strip
configure:4652: checking for objdir
configure:4663: result: .libs
configure:4680: checking for gcc option to produce PIC
configure:4830: result: -fPIC
configure:4834: checking if gcc PIC flag -fPIC works
configure:4860: gcc -c -g -O2 -fPIC -DPIC  conftest.c >&5
configure:4863: $? = 0
configure:4866: test -s conftest.o
configure:4869: $? = 0
configure:4906: result: yes
configure:4922: checking if gcc static flag -static works
configure:4949: gcc -o conftest -g -O2   -static conftest.c  >&5
/usr/lib/gcc-lib/mipsel-redhat-linux/2.96/../../../libc.a: could not read symbols: No more archived files
collect2: ld returned 1 exit status
configure:4952: $? = 1
configure: failed program was:
#line 4930 "configure"
#include "confdefs.h"

#ifdef F77_DUMMY_MAIN
#  ifdef __cplusplus
     extern "C"
#  endif
   int F77_DUMMY_MAIN() { return 1; }
#endif
int
main ()
{

  ;
  return 0;
}
configure:4973: result: no
configure:4985: checking if gcc supports -c -o file.o
configure:5007: gcc -c -g -O2 -o out/conftest2.o  conftest.c >&5
configure:5029: result: yes
configure:5034: checking if gcc supports -c -o file.lo
configure:5064: gcc -c -g -O2 -c -o conftest.lo  conftest.c >&5
configure:5067: $? = 0
configure:5070: test -s conftest.lo
configure:5073: $? = 0
configure:5094: result: yes
configure:5125: checking if gcc supports -fno-rtti -fno-exceptions
configure:5150: gcc -c -g -O2 -fno-rtti -fno-exceptions -c conftest.c  conftest.c >&5
configure:5153: $? = 0
configure:5156: test -s conftest.o
configure:5159: $? = 0
configure:5175: result: yes
configure:5186: checking whether the linker (/usr/bin/ld) supports shared libraries
configure:5866: result: yes
configure:5871: checking how to hardcode library paths into programs
configure:5895: result: immediate
configure:5900: checking whether stripping libraries is possible
configure:5905: result: yes
configure:5916: checking dynamic linker characteristics
configure:6309: result: GNU/Linux ld.so
configure:6314: checking if libtool supports shared libraries
configure:6316: result: yes
configure:6319: checking whether to build shared libraries
configure:6340: result: yes
configure:6343: checking whether to build static libraries
configure:6347: result: yes
configure:7009: checking whether -lc should be explicitly linked in
configure:7017: gcc -c -g -O2  conftest.c >&5
configure:7020: $? = 0
configure:7034: gcc -shared conftest.o  -v -Wl,-soname -Wl,conftest -o conftest 2\>\&1 \| grep  -lc  \>/dev/null 2\>\&1
configure:7037: $? = 0
configure:7050: result: no
configure:7621: checking whether to enable maintainer-specific portions of Makefiles
configure:7630: result: no
configure:7704: checking for gcc
configure:7730: result: gcc
configure:7972: checking for C compiler version
configure:7975: gcc --version </dev/null >&5
2.96
configure:7978: $? = 0
configure:7980: gcc -v </dev/null >&5
Reading specs from /usr/lib/gcc-lib/mipsel-redhat-linux/2.96/specs
gcc version 2.96 20000731 (Red Hat Linux 7.1 2.96-96.1)
configure:7983: $? = 0
configure:7985: gcc -V </dev/null >&5
gcc: argument to `-V' is missing
configure:7988: $? = 1
configure:7991: checking whether we are using the GNU C compiler
configure:8039: result: yes
configure:8045: checking whether gcc accepts -g
configure:8088: result: yes
configure:8105: checking for gcc option to accept ANSI C
configure:8194: result: none needed
configure:8212: gcc -c -g -O2  conftest.c >&5
conftest.c:2: parse error before `me'
configure:8215: $? = 1
configure: failed program was:
#ifndef __cplusplus
  choke me
#endif
configure:8327: checking dependency style of gcc
configure:8389: result: none
configure:8446: checking for g++
configure:8462: found /usr/bin/g++
configure:8472: result: g++
configure:8488: checking for C++ compiler version
configure:8491: g++ --version </dev/null >&5
2.96
configure:8494: $? = 0
configure:8496: g++ -v </dev/null >&5
Reading specs from /usr/lib/gcc-lib/mipsel-redhat-linux/2.96/specs
gcc version 2.96 20000731 (Red Hat Linux 7.1 2.96-96.1)
configure:8499: $? = 0
configure:8501: g++ -V </dev/null >&5
g++: argument to `-V' missing

configure:8504: $? = 1
configure:8507: checking whether we are using the GNU C++ compiler
configure:8534: g++ -c   conftest.cc >&5
configure:8537: $? = 0
configure:8540: test -s conftest.o
configure:8543: $? = 0
configure:8555: result: yes
configure:8561: checking whether g++ accepts -g
configure:8585: g++ -c -g  conftest.cc >&5
configure:8588: $? = 0
configure:8591: test -s conftest.o
configure:8594: $? = 0
configure:8604: result: yes
configure:8650: g++ -c -g -O2  conftest.cc >&5
configure:8653: $? = 0
configure:8656: test -s conftest.o
configure:8659: $? = 0
configure:8687: g++ -c -g -O2  conftest.cc >&5
configure: In function `int main ()':
configure:8679: `exit' undeclared (first use this function)
configure:8679: (Each undeclared identifier is reported only once for 
each function it appears in.)
configure:8690: $? = 1
configure: failed program was:
#line 8668 "configure"
#include "confdefs.h"

#ifdef F77_DUMMY_MAIN
#  ifdef __cplusplus
     extern "C"
#  endif
   int F77_DUMMY_MAIN() { return 1; }
#endif
int
main ()
{
exit (42);
  ;
  return 0;
}
configure:8650: g++ -c -g -O2  conftest.cc >&5
configure:8653: $? = 0
configure:8656: test -s conftest.o
configure:8659: $? = 0
configure:8687: g++ -c -g -O2  conftest.cc >&5
configure:8690: $? = 0
configure:8693: test -s conftest.o
configure:8696: $? = 0
configure:8720: checking dependency style of g++
configure:8782: result: none
configure:8792: checking how to run the C++ preprocessor
configure:8814: g++ -E  conftest.cc
configure:8820: $? = 0
configure:8847: g++ -E  conftest.cc
configure:8843:28: ac_nonexistent.h: No such file or directory
configure:8853: $? = 1
configure: failed program was:
#line 8842 "configure"
#include "confdefs.h"
#include <ac_nonexistent.h>
configure:8890: result: g++ -E
configure:8905: g++ -E  conftest.cc
configure:8911: $? = 0
configure:8938: g++ -E  conftest.cc
configure:8934:28: ac_nonexistent.h: No such file or directory
configure:8944: $? = 1
configure: failed program was:
#line 8933 "configure"
#include "confdefs.h"
#include <ac_nonexistent.h>
configure:8995: checking for a BSD-compatible install
configure:9049: result: ./install-sh -c
configure:9063: checking for uncompress in -lz
configure:9096: gcc -o conftest -g -O2   conftest.c -lz   >&5
configure:9099: $? = 0
configure:9102: test -s conftest
configure:9105: $? = 0
configure:9116: result: yes
configure:9148: checking for ANSI C header files
configure:9275: result: yes
configure:9302: checking zlib.h usability
configure:9311: gcc -c -g -O2  conftest.c >&5
configure:9314: $? = 0
configure:9317: test -s conftest.o
configure:9320: $? = 0
configure:9329: result: yes
configure:9333: checking zlib.h presence
configure:9340: gcc -E  conftest.c
configure:9346: $? = 0
configure:9364: result: yes
configure:9382: checking for zlib.h
configure:9389: result: yes
configure:9302: checking wchar.h usability
configure:9311: gcc -c -g -O2  conftest.c >&5
configure:9314: $? = 0
configure:9317: test -s conftest.o
configure:9320: $? = 0
configure:9329: result: yes
configure:9333: checking wchar.h presence
configure:9340: gcc -E  conftest.c
configure:9346: $? = 0
configure:9364: result: yes
configure:9382: checking for wchar.h
configure:9389: result: yes
configure:9302: checking sys/param.h usability
configure:9311: gcc -c -g -O2  conftest.c >&5
configure:9314: $? = 0
configure:9317: test -s conftest.o
configure:9320: $? = 0
configure:9329: result: yes
configure:9333: checking sys/param.h presence
configure:9340: gcc -E  conftest.c
configure:9346: $? = 0
configure:9364: result: yes
configure:9382: checking for sys/param.h
configure:9389: result: yes
configure:9293: checking for unistd.h
configure:9298: result: yes
configure:9417: checking iconv.h usability
configure:9426: gcc -c -g -O2  conftest.c >&5
configure:9429: $? = 0
configure:9432: test -s conftest.o
configure:9435: $? = 0
configure:9444: result: yes
configure:9448: checking iconv.h presence
configure:9455: gcc -E  conftest.c
configure:9461: $? = 0
configure:9479: result: yes
configure:9497: checking for iconv.h
configure:9504: result: yes
configure:9523: checking where to find iconv_open
configure:9530: checking for iconv_open
configure:9573: gcc -o conftest -g -O2   conftest.c  >&5
configure:9576: $? = 0
configure:9579: test -s conftest
configure:9582: $? = 0
configure:9592: result: yes
configure:9604: checking for iconv_open in -liconv
configure:9637: gcc -o conftest -g -O2   conftest.c -liconv   >&5
configure:9640: $? = 0
configure:9643: test -s conftest
configure:9646: $? = 0
configure:9657: result: yes
configure:9665: checking for libiconv_open in -liconv
configure:9698: gcc -o conftest -g -O2   conftest.c -liconv   >&5
configure:9701: $? = 0
configure:9704: test -s conftest
configure:9707: $? = 0
configure:9718: result: yes
configure:9731: result: libiconv
configure:9745: checking whether iconv takes const char ** or char **
configure:9769: gcc -c -g -O2  conftest.c >&5
configure: In function `main':
configure:9760: conflicting types for `iconv'
/usr/include/iconv.h:44: previous declaration of `iconv'
configure:9760: warning: extern declaration of `iconv' doesn't match global one
configure:9772: $? = 1
configure: failed program was:
#line 9747 "configure"
#include "confdefs.h"
#include <iconv.h>
#ifdef F77_DUMMY_MAIN
#  ifdef __cplusplus
     extern "C"
#  endif
   int F77_DUMMY_MAIN() { return 1; }
#endif
int
main ()
{

		{
		size_t iconv (iconv_t a, const char ** b, size_t *c, char **d, size_t *e);
		}
  ;
  return 0;
}
configure:9856: result: char **
configure:9860: checking whether to typecast in iconv
configure:9889: gcc -c -g -O2  conftest.c >&5
configure:9892: $? = 0
configure:9895: test -s conftest.o
configure:9898: $? = 0
configure:9915: result: no
configure:9949: checking libcw/sys.h usability
configure:9958: g++ -c -g -O2  conftest.cc >&5
configure:9986:23: libcw/sys.h: No such file or directory
configure:9961: $? = 1
configure: failed program was:
#line 9951 "configure"
#include "confdefs.h"
#include <stdio.h>
#if HAVE_SYS_TYPES_H
# include <sys/types.h>
#endif
#if HAVE_SYS_STAT_H
# include <sys/stat.h>
#endif
#if STDC_HEADERS
# include <stdlib.h>
# include <stddef.h>
#else
# if HAVE_STDLIB_H
#  include <stdlib.h>
# endif
#endif
#if HAVE_STRING_H
# if !STDC_HEADERS && HAVE_MEMORY_H
#  include <memory.h>
# endif
# include <string.h>
#endif
#if HAVE_STRINGS_H
# include <strings.h>
#endif
#if HAVE_INTTYPES_H
# include <inttypes.h>
#else
# if HAVE_STDINT_H
#  include <stdint.h>
# endif
#endif
#if HAVE_UNISTD_H
# include <unistd.h>
#endif
#include <libcw/sys.h>
configure:9976: result: no
configure:9980: checking libcw/sys.h presence
configure:9987: g++ -E  conftest.cc
configure:9983:23: libcw/sys.h: No such file or directory
configure:9993: $? = 1
configure: failed program was:
#line 9982 "configure"
#include "confdefs.h"
#include <libcw/sys.h>
configure:10011: result: no
configure:10029: checking for libcw/sys.h
configure:10036: result: no
configure:10068: checking cctype usability
configure:10077: g++ -c -g -O2  conftest.cc >&5
configure:10080: $? = 0
configure:10083: test -s conftest.o
configure:10086: $? = 0
configure:10095: result: yes
configure:10099: checking cctype presence
configure:10106: g++ -E  conftest.cc
configure:10112: $? = 0
configure:10130: result: yes
configure:10148: checking for cctype
configure:10155: result: yes
configure:10068: checking climits usability
configure:10077: g++ -c -g -O2  conftest.cc >&5
configure:10080: $? = 0
configure:10083: test -s conftest.o
configure:10086: $? = 0
configure:10095: result: yes
configure:10099: checking climits presence
configure:10106: g++ -E  conftest.cc
configure:10112: $? = 0
configure:10130: result: yes
configure:10148: checking for climits
configure:10155: result: yes
configure:10068: checking cstdio usability
configure:10077: g++ -c -g -O2  conftest.cc >&5
configure:10080: $? = 0
configure:10083: test -s conftest.o
configure:10086: $? = 0
configure:10095: result: yes
configure:10099: checking cstdio presence
configure:10106: g++ -E  conftest.cc
configure:10112: $? = 0
configure:10130: result: yes
configure:10148: checking for cstdio
configure:10155: result: yes
configure:10068: checking cstdlib usability
configure:10077: g++ -c -g -O2  conftest.cc >&5
configure:10080: $? = 0
configure:10083: test -s conftest.o
configure:10086: $? = 0
configure:10095: result: yes
configure:10099: checking cstdlib presence
configure:10106: g++ -E  conftest.cc
configure:10112: $? = 0
configure:10130: result: yes
configure:10148: checking for cstdlib
configure:10155: result: yes
configure:10068: checking bitset usability
configure:10077: g++ -c -g -O2  conftest.cc >&5
configure:10080: $? = 0
configure:10083: test -s conftest.o
configure:10086: $? = 0
configure:10095: result: yes
configure:10099: checking bitset presence
configure:10106: g++ -E  conftest.cc
configure:10112: $? = 0
configure:10130: result: yes
configure:10148: checking for bitset
configure:10155: result: yes
configure:10068: checking cstring usability
configure:10077: g++ -c -g -O2  conftest.cc >&5
configure:10080: $? = 0
configure:10083: test -s conftest.o
configure:10086: $? = 0
configure:10095: result: yes
configure:10099: checking cstring presence
configure:10106: g++ -E  conftest.cc
configure:10112: $? = 0
configure:10130: result: yes
configure:10148: checking for cstring
configure:10155: result: yes
configure:10186: checking fstream usability
configure:10195: g++ -c -g -O2  conftest.cc >&5
configure:10198: $? = 0
configure:10201: test -s conftest.o
configure:10204: $? = 0
configure:10213: result: yes
configure:10217: checking fstream presence
configure:10224: g++ -E  conftest.cc
configure:10230: $? = 0
configure:10248: result: yes
configure:10266: checking for fstream
configure:10273: result: yes
configure:10186: checking iostream usability
configure:10195: g++ -c -g -O2  conftest.cc >&5
configure:10198: $? = 0
configure:10201: test -s conftest.o
configure:10204: $? = 0
configure:10213: result: yes
configure:10217: checking iostream presence
configure:10224: g++ -E  conftest.cc
configure:10230: $? = 0
configure:10248: result: yes
configure:10266: checking for iostream
configure:10273: result: yes
configure:10186: checking iomanip usability
configure:10195: g++ -c -g -O2  conftest.cc >&5
configure:10198: $? = 0
configure:10201: test -s conftest.o
configure:10204: $? = 0
configure:10213: result: yes
configure:10217: checking iomanip presence
configure:10224: g++ -E  conftest.cc
configure:10230: $? = 0
configure:10248: result: yes
configure:10266: checking for iomanip
configure:10273: result: yes
configure:10186: checking vector usability
configure:10195: g++ -c -g -O2  conftest.cc >&5
configure:10198: $? = 0
configure:10201: test -s conftest.o
configure:10204: $? = 0
configure:10213: result: yes
configure:10217: checking vector presence
configure:10224: g++ -E  conftest.cc
configure:10230: $? = 0
configure:10248: result: yes
configure:10266: checking for vector
configure:10273: result: yes
configure:10309: checking string usability
configure:10318: g++ -c -g -O2  conftest.cc >&5
configure:10321: $? = 0
configure:10324: test -s conftest.o
configure:10327: $? = 0
configure:10336: result: yes
configure:10340: checking string presence
configure:10347: g++ -E  conftest.cc
configure:10353: $? = 0
configure:10371: result: yes
configure:10389: checking for string
configure:10396: result: yes
configure:10309: checking iomanip.h usability
configure:10318: g++ -c -g -O2  conftest.cc >&5
configure:10321: $? = 0
configure:10324: test -s conftest.o
configure:10327: $? = 0
configure:10336: result: yes
configure:10340: checking iomanip.h presence
configure:10347: g++ -E  conftest.cc
configure:10353: $? = 0
configure:10371: result: yes
configure:10389: checking for iomanip.h
configure:10396: result: yes
configure:10429: checking whether C++ has bool
configure:10442: g++ -o conftest -g -O2   conftest.cc  -liconv >&5
configure:10445: $? = 0
configure:10447: ./conftest
configure:10450: $? = 0
configure:10452: result: yes
configure:10469: checking whether C++ has correct scoping in for-loops
configure:10493: g++ -c -g -O2  conftest.cc >&5
configure:10496: $? = 0
configure:10499: test -s conftest.o
configure:10502: $? = 0
configure:10504: result: yes
configure:10535: checking what warning flags to pass to the C++ compiler
configure:10555: result: -Wall -Wno-unused -Wno-inline -Woverloaded-virtual -Wmissing-declarations
configure:10566: checking what language compliance flags to pass to the C++ compiler
configure:10582: result: 
configure:10635: checking whether iconv supports UTF-8
configure:10648: gcc -o conftest -g -O2   conftest.c  -liconv >&5
configure: In function `main':
configure:10643: warning: comparison between pointer and integer
configure:10651: $? = 0
configure:10653: ./conftest
configure:10656: $? = 0
configure:10659: result: yes
configure:10725: checking whether iconv supports UTF-16BE
configure:10738: gcc -o conftest -g -O2   conftest.c  -liconv >&5
configure: In function `main':
configure:10733: warning: comparison between pointer and integer
configure:10741: $? = 0
configure:10743: ./conftest
configure:10746: $? = 1
configure: program exited with status 1
configure: failed program was:
#line 10731 "configure"
#include "confdefs.h"
#include <iconv.h>
        int main() { return iconv_open("UTF-16BE", "UTF-16BE") == -1; }
configure:10760: result: no
configure:10769: checking whether iconv supports UTF16BE
configure:10782: gcc -o conftest -g -O2   conftest.c  -liconv >&5
configure: In function `main':
configure:10777: warning: comparison between pointer and integer
configure:10785: $? = 0
configure:10787: ./conftest
configure:10790: $? = 1
configure: program exited with status 1
configure: failed program was:
#line 10775 "configure"
#include "confdefs.h"
#include <iconv.h>
        int main() { return iconv_open("UTF16BE", "UTF16BE") == -1; }
configure:10804: result: no
configure:10813: checking whether iconv supports UCS-2BE
configure:10826: gcc -o conftest -g -O2   conftest.c  -liconv >&5
configure: In function `main':
configure:10821: warning: comparison between pointer and integer
configure:10829: $? = 0
configure:10831: ./conftest
configure:10834: $? = 0
configure:10837: result: yes
configure:10947: checking whether iconv supports UTF-16
configure:10960: gcc -o conftest -g -O2   conftest.c  -liconv >&5
configure: In function `main':
configure:10955: warning: comparison between pointer and integer
configure:10963: $? = 0
configure:10965: ./conftest
configure:10968: $? = 1
configure: program exited with status 1
configure: failed program was:
#line 10953 "configure"
#include "confdefs.h"
#include <iconv.h>
        int main() { return iconv_open("UTF-16", "UTF-16") == -1; }
configure:10982: result: no
configure:10991: checking whether iconv supports UTF16
configure:11004: gcc -o conftest -g -O2   conftest.c  -liconv >&5
configure: In function `main':
configure:10999: warning: comparison between pointer and integer
configure:11007: $? = 0
configure:11009: ./conftest
configure:11012: $? = 1
configure: program exited with status 1
configure: failed program was:
#line 10997 "configure"
#include "confdefs.h"
#include <iconv.h>
        int main() { return iconv_open("UTF16", "UTF16") == -1; }
configure:11026: result: no
configure:11035: checking whether iconv supports UNICODE
configure:11048: gcc -o conftest -g -O2   conftest.c  -liconv >&5
configure: In function `main':
configure:11043: warning: comparison between pointer and integer
configure:11051: $? = 0
configure:11053: ./conftest
configure:11056: $? = 1
configure: program exited with status 1
configure: failed program was:
#line 11041 "configure"
#include "confdefs.h"
#include <iconv.h>
        int main() { return iconv_open("UNICODE", "UNICODE") == -1; }
configure:11070: result: no
configure:11081: checking whether iconv supports ISO-8859-1
configure:11094: gcc -o conftest -g -O2   conftest.c  -liconv >&5
configure: In function `main':
configure:11089: warning: comparison between pointer and integer
configure:11097: $? = 0
configure:11099: ./conftest
configure:11102: $? = 1
configure: program exited with status 1
configure: failed program was:
#line 11087 "configure"
#include "confdefs.h"
#include <iconv.h>
        int main() { return iconv_open("ISO-8859-1", "ISO-8859-1") == -1; }
configure:11116: result: no
configure:11125: checking whether iconv supports ASCII
configure:11138: gcc -o conftest -g -O2   conftest.c  -liconv >&5
configure: In function `main':
configure:11133: warning: comparison between pointer and integer
configure:11141: $? = 0
configure:11143: ./conftest
configure:11146: $? = 0
configure:11149: result: yes
configure:11265: checking for getopt_long
configure:11308: gcc -o conftest -g -O2   conftest.c  -liconv >&5
configure:11311: $? = 0
configure:11314: test -s conftest
configure:11317: $? = 0
configure:11327: result: yes
configure:11352: checking for mkstemp
configure:11395: gcc -o conftest -g -O2   conftest.c  -liconv >&5
configure:11398: $? = 0
configure:11401: test -s conftest
configure:11404: $? = 0
configure:11414: result: yes
configure:11429: checking for truncate
configure:11472: gcc -o conftest -g -O2   conftest.c  -liconv >&5
configure:11475: $? = 0
configure:11478: test -s conftest
configure:11481: $? = 0
configure:11491: result: yes
configure:11507: checking for size_t
configure:11534: gcc -c -g -O2  conftest.c >&5
configure:11537: $? = 0
configure:11540: test -s conftest.o
configure:11543: $? = 0
configure:11553: result: yes
configure:11733: creating ./config.status

## ---------------------- ##
## Running config.status. ##
## ---------------------- ##

This file was extended by config.status, which was
generated by GNU Autoconf 2.53a.  Invocation command line was

  CONFIG_FILES    = 
  CONFIG_HEADERS  = 
  CONFIG_LINKS    = 
  CONFIG_COMMANDS = 
  $ ./config.status 

on (none)

config.status:688: creating Makefile
config.status:688: creating doc/Makefile
config.status:688: creating m4/Makefile
config.status:688: creating include/Makefile
config.status:688: creating include/id3/Makefile
config.status:688: creating id3com/Makefile
config.status:688: creating id3com/Sample/Makefile
config.status:688: creating src/Makefile
config.status:688: creating examples/Makefile
config.status:688: creating prj/Makefile
config.status:688: creating libprj/Makefile
config.status:792: creating config.h
config.status:1093: executing depfiles commands
configure:12991: configuring in zlib
configure:13075: running /bin/sh './configure' --prefix=/usr/local  --cache-file=/dev/null --srcdir=.

## ---------------- ##
## Cache variables. ##
## ---------------- ##

ac_cv_build=mipsel-unknown-linux-gnu
ac_cv_build_alias=mipsel-unknown-linux-gnu
ac_cv_c_compiler_gnu=yes
ac_cv_cxx_compiler_gnu=yes
ac_cv_env_CC_set=
ac_cv_env_CC_value=
ac_cv_env_CFLAGS_set=
ac_cv_env_CFLAGS_value=
ac_cv_env_CPPFLAGS_set=
ac_cv_env_CPPFLAGS_value=
ac_cv_env_CPP_set=
ac_cv_env_CPP_value=
ac_cv_env_CXXCPP_set=
ac_cv_env_CXXCPP_value=
ac_cv_env_CXXFLAGS_set=
ac_cv_env_CXXFLAGS_value=
ac_cv_env_CXX_set=
ac_cv_env_CXX_value=
ac_cv_env_LDFLAGS_set=
ac_cv_env_LDFLAGS_value=
ac_cv_env_build_alias_set=
ac_cv_env_build_alias_value=
ac_cv_env_host_alias_set=
ac_cv_env_host_alias_value=
ac_cv_env_target_alias_set=
ac_cv_env_target_alias_value=
ac_cv_exeext=
ac_cv_func_getopt_long=yes
ac_cv_func_iconv_open=yes
ac_cv_func_mkstemp=yes
ac_cv_func_truncate=yes
ac_cv_header_bitset=yes
ac_cv_header_cctype=yes
ac_cv_header_climits=yes
ac_cv_header_cstdio=yes
ac_cv_header_cstdlib=yes
ac_cv_header_cstring=yes
ac_cv_header_dlfcn_h=yes
ac_cv_header_fstream=yes
ac_cv_header_iconv_h=yes
ac_cv_header_inttypes_h=yes
ac_cv_header_iomanip=yes
ac_cv_header_iomanip_h=yes
ac_cv_header_iostream=yes
ac_cv_header_libcw_sys_h=no
ac_cv_header_memory_h=yes
ac_cv_header_stdc=yes
ac_cv_header_stdint_h=yes
ac_cv_header_stdlib_h=yes
ac_cv_header_string=yes
ac_cv_header_string_h=yes
ac_cv_header_strings_h=yes
ac_cv_header_sys_param_h=yes
ac_cv_header_sys_stat_h=yes
ac_cv_header_sys_types_h=yes
ac_cv_header_unistd_h=yes
ac_cv_header_vector=yes
ac_cv_header_wchar_h=yes
ac_cv_header_zlib_h=yes
ac_cv_host=mipsel-unknown-linux-gnu
ac_cv_host_alias=mipsel-unknown-linux-gnu
ac_cv_lib_iconv_iconv_open=yes
ac_cv_lib_iconv_libiconv_open=yes
ac_cv_lib_z_uncompress=yes
ac_cv_objext=o
ac_cv_prog_AWK=gawk
ac_cv_prog_CPP='gcc -E'
ac_cv_prog_CXXCPP='g++ -E'
ac_cv_prog_ac_ct_CC=gcc
ac_cv_prog_ac_ct_CXX=g++
ac_cv_prog_ac_ct_RANLIB=ranlib
ac_cv_prog_ac_ct_STRIP=strip
ac_cv_prog_cc_g=yes
ac_cv_prog_cc_stdc=
ac_cv_prog_cxx_g=yes
ac_cv_prog_make_make_set=yes
ac_cv_search_strerror='none required'
ac_cv_type_size_t=yes
am_cv_CC_dependencies_compiler_type=none
am_cv_CXX_dependencies_compiler_type=none
lt_cv_archive_cmds_need_lc=no
lt_cv_compiler_c_o=yes
lt_cv_compiler_o_lo=yes
lt_cv_deplibs_check_method='file_magic ELF [0-9][0-9]*-bit [LM]SB (shared object|dynamic lib )'
lt_cv_file_magic_cmd='$MAGIC_CMD'
lt_cv_file_magic_test_file='/lib/libc.so.6 /lib/libc-2.2.4.so'
lt_cv_global_symbol_to_c_name_address='sed -n -e '\''s/^: \([^ ]*\) $/  {\"\1\", (lt_ptr) 0},/p'\'' -e '\''s/^[BCDEGRST] \([^ ]*\) \([^ ]*\)$/  {"\2", (lt_ptr) \&\2},/p'\'''
lt_cv_global_symbol_to_cdecl='sed -n -e '\''s/^. .* \(.*\)$/extern char \1;/p'\'''
lt_cv_ld_reload_flag=-r
lt_cv_path_LD=/usr/bin/ld
lt_cv_path_MAGIC_CMD=/usr/bin/file
lt_cv_path_NM='/usr/bin/nm -B'
lt_cv_prog_cc_can_build_shared=yes
lt_cv_prog_cc_no_builtin=
lt_cv_prog_cc_pic=' -fPIC'
lt_cv_prog_cc_pic_works=yes
lt_cv_prog_cc_shlib=
lt_cv_prog_cc_static=
lt_cv_prog_cc_static_works=no
lt_cv_prog_cc_wl=-Wl,
lt_cv_prog_gnu_ld=yes
lt_cv_sys_global_symbol_pipe='sed -n -e '\''s/^.*[ 	]\([ABCDGISTW][ABCDGISTW]*\)[ 	][ 	]*\(\)\([_A-Za-z][_A-Za-z0-9]*\)$/\1 \2\3 \3/p'\'''

## ----------- ##
## confdefs.h. ##
## ----------- ##

#define PACKAGE_NAME ""
#define PACKAGE_TARNAME ""
#define PACKAGE_VERSION ""
#define PACKAGE_STRING ""
#define PACKAGE_BUGREPORT ""
#define PACKAGE "id3lib"
#define VERSION "3.8.3"
#define STDC_HEADERS 1
#define HAVE_SYS_TYPES_H 1
#define HAVE_SYS_STAT_H 1
#define HAVE_STDLIB_H 1
#define HAVE_STRING_H 1
#define HAVE_MEMORY_H 1
#define HAVE_STRINGS_H 1
#define HAVE_INTTYPES_H 1
#define HAVE_STDINT_H 1
#define HAVE_UNISTD_H 1
#define HAVE_DLFCN_H 1
#ifdef __cplusplus
#include <stdlib.h>
#endif
#define HAVE_ZLIB 1
#define STDC_HEADERS 1
#define HAVE_ZLIB_H 1
#define HAVE_WCHAR_H 1
#define HAVE_SYS_PARAM_H 1
#define HAVE_UNISTD_H 1
#define HAVE_ICONV_H 1
#define HAVE_ICONV_OPEN 1
#define HAVE_CCTYPE 1
#define HAVE_CLIMITS 1
#define HAVE_CSTDIO 1
#define HAVE_CSTDLIB 1
#define HAVE_BITSET 1
#define HAVE_CSTRING 1
#define HAVE_FSTREAM 1
#define HAVE_IOSTREAM 1
#define HAVE_IOMANIP 1
#define HAVE_VECTOR 1
#define HAVE_STRING 1
#define HAVE_IOMANIP_H 1
#define ID3_ICONV_FORMAT_UTF8 "UTF-8"
#define ID3_ICONV_FORMAT_UTF16BE "UCS-2BE"
#define ID3_ICONV_FORMAT_ASCII "ASCII"
#define HAVE_GETOPT_LONG 1
#define HAVE_MKSTEMP 1
#define HAVE_TRUNCATE 1
#define _ID3LIB_NAME "id3lib"
#define _ID3LIB_VERSION "3.8.3"
#define _ID3LIB_FULLNAME "id3lib-3.8.3"
#define _ID3LIB_MAJOR_VERSION 3
#define _ID3LIB_MINOR_VERSION 8
#define _ID3LIB_PATCH_VERSION 3
#define _ID3LIB_INTERFACE_AGE 0
#define _ID3LIB_BINARY_AGE 0
#define _ID3_COMPILED_WITH_DEBUGGING "minimum"

configure: exit 0
