This file contains any messages produced by compilers while
running configure, to aid debugging if configure makes a mistake.

It was created by configure, which was
generated by GNU Autoconf 2.53a.  Invocation command line was

  $ ./configure --prefix=/usr/local --cache-file=/dev/null --srcdir=.

## --------- ##
## Platform. ##
## --------- ##

hostname = (none)
uname -m = mips
uname -r = 2.4.18_dev-xilleon_x220
uname -s = Linux
uname -v = #1 Fri Jun 17 11:57:44 PDT 2005

/usr/bin/uname -p = unknown
/bin/uname -X     = unknown

/bin/arch              = mips
/usr/bin/arch -k       = unknown
/usr/convex/getsysinfo = unknown
hostinfo               = unknown
/bin/machine           = unknown
/usr/bin/oslevel       = unknown
/bin/universe          = unknown

PATH: .
PATH: /usr/local/bin
PATH: /bin
PATH: /usr/bin
PATH: /sbin
PATH: /usr/sbin
PATH: /mnt/smb/terra/video/New/Develop/bin


## ----------- ##
## Core tests. ##
## ----------- ##

configure:1440: checking for a BSD-compatible install
configure:1494: result: ./../install-sh -c
configure:1505: checking whether build environment is sane
configure:1548: result: yes
configure:1582: checking for gawk
configure:1598: found /bin/gawk
configure:1608: result: gawk
configure:1618: checking whether make sets ${MAKE}
configure:1638: result: yes
configure:1818: checking build system type
configure:1836: result: mipsel-unknown-linux-gnu
configure:1844: checking host system type
configure:1858: result: mipsel-unknown-linux-gnu
configure:1875: checking for style of include used by make
configure:1903: result: none
configure:1953: checking for gcc
configure:1969: found /usr/bin/gcc
configure:1979: result: gcc
configure:2221: checking for C compiler version
configure:2224: gcc --version </dev/null >&5
2.96
configure:2227: $? = 0
configure:2229: gcc -v </dev/null >&5
Reading specs from /usr/lib/gcc-lib/mipsel-redhat-linux/2.96/specs
gcc version 2.96 20000731 (Red Hat Linux 7.1 2.96-96.1)
configure:2232: $? = 0
configure:2234: gcc -V </dev/null >&5
gcc: argument to `-V' is missing
configure:2237: $? = 1
configure:2263: checking for C compiler default output
configure:2266: gcc    conftest.c  >&5
configure:2269: $? = 0
configure:2302: result: a.out
configure:2307: checking whether the C compiler works
configure:2313: ./a.out
configure:2316: $? = 0
configure:2331: result: yes
configure:2338: checking whether we are cross compiling
configure:2340: result: no
configure:2343: checking for suffix of executables
configure:2345: gcc -o conftest    conftest.c  >&5
configure:2348: $? = 0
configure:2370: result: 
configure:2376: checking for suffix of object files
configure:2400: gcc -c   conftest.c >&5
configure:2403: $? = 0
configure:2422: result: o
configure:2426: checking whether we are using the GNU C compiler
configure:2453: gcc -c   conftest.c >&5
configure:2456: $? = 0
configure:2459: test -s conftest.o
configure:2462: $? = 0
configure:2474: result: yes
configure:2480: checking whether gcc accepts -g
configure:2504: gcc -c -g  conftest.c >&5
configure:2507: $? = 0
configure:2510: test -s conftest.o
configure:2513: $? = 0
configure:2523: result: yes
configure:2540: checking for gcc option to accept ANSI C
configure:2603: gcc  -c -g -O2  conftest.c >&5
configure:2606: $? = 0
configure:2609: test -s conftest.o
configure:2612: $? = 0
configure:2629: result: none needed
configure:2647: gcc -c -g -O2  conftest.c >&5
conftest.c:2: parse error before `me'
configure:2650: $? = 1
configure: failed program was:
#ifndef __cplusplus
  choke me
#endif
configure:2762: checking dependency style of gcc
configure:2824: result: none
configure:2851: checking for ld used by GCC
configure:2914: result: /usr/bin/ld
configure:2923: checking if the linker (/usr/bin/ld) is GNU ld
GNU ld version 2.11.92.0.10 20011021
configure:2935: result: yes
configure:2940: checking for /usr/bin/ld option to reload object files
configure:2947: result: -r
configure:2952: checking for BSD-compatible nm
configure:2988: result: /usr/bin/nm -B
configure:2991: checking whether ln -s works
configure:2998: result: no, using cp -p
configure:3002: checking how to recognise dependant libraries
configure:3174: result: file_magic ELF [0-9][0-9]*-bit [LM]SB (shared object|dynamic lib )
configure:3187: checking command to parse /usr/bin/nm -B output
configure:3268: gcc -c -g -O2  conftest.c >&5
configure:3271: $? = 0
configure:3275: /usr/bin/nm -B conftest.o \| sed -n -e 's/^.*[ 	]\([ABCDGISTW][ABCDGISTW]*\)[ 	][ 	]*\(\)\([_A-Za-z][_A-Za-z0-9]*\)$/\1 \2\3 \3/p' \> conftest.nm
configure:3278: $? = 0
configure:3330: gcc -o conftest -g -O2   conftest.c conftstm.o >&5
configure:3333: $? = 0
configure:3377: result: ok
configure:3386: checking how to run the C preprocessor
configure:3412: gcc -E  conftest.c
configure:3418: $? = 0
configure:3445: gcc -E  conftest.c
configure:3441:28: ac_nonexistent.h: No such file or directory
configure:3451: $? = 1
configure: failed program was:
#line 3440 "configure"
#include "confdefs.h"
#include <ac_nonexistent.h>
configure:3488: result: gcc -E
configure:3503: gcc -E  conftest.c
configure:3509: $? = 0
configure:3536: gcc -E  conftest.c
configure:3532:28: ac_nonexistent.h: No such file or directory
configure:3542: $? = 1
configure: failed program was:
#line 3531 "configure"
#include "confdefs.h"
#include <ac_nonexistent.h>
configure:3582: checking for ANSI C header files
configure:3596: gcc -E  conftest.c
configure:3602: $? = 0
configure:3687: gcc -o conftest -g -O2   conftest.c  >&5
configure:3690: $? = 0
configure:3692: ./conftest
configure:3695: $? = 0
configure:3709: result: yes
configure:3733: checking for sys/types.h
configure:3746: gcc -c -g -O2  conftest.c >&5
configure:3749: $? = 0
configure:3752: test -s conftest.o
configure:3755: $? = 0
configure:3765: result: yes
configure:3733: checking for sys/stat.h
configure:3746: gcc -c -g -O2  conftest.c >&5
configure:3749: $? = 0
configure:3752: test -s conftest.o
configure:3755: $? = 0
configure:3765: result: yes
configure:3733: checking for stdlib.h
configure:3746: gcc -c -g -O2  conftest.c >&5
configure:3749: $? = 0
configure:3752: test -s conftest.o
configure:3755: $? = 0
configure:3765: result: yes
configure:3733: checking for string.h
configure:3746: gcc -c -g -O2  conftest.c >&5
configure:3749: $? = 0
configure:3752: test -s conftest.o
configure:3755: $? = 0
configure:3765: result: yes
configure:3733: checking for memory.h
configure:3746: gcc -c -g -O2  conftest.c >&5
configure:3749: $? = 0
configure:3752: test -s conftest.o
configure:3755: $? = 0
configure:3765: result: yes
configure:3733: checking for strings.h
configure:3746: gcc -c -g -O2  conftest.c >&5
configure:3749: $? = 0
configure:3752: test -s conftest.o
configure:3755: $? = 0
configure:3765: result: yes
configure:3733: checking for inttypes.h
configure:3746: gcc -c -g -O2  conftest.c >&5
configure:3749: $? = 0
configure:3752: test -s conftest.o
configure:3755: $? = 0
configure:3765: result: yes
configure:3733: checking for stdint.h
configure:3746: gcc -c -g -O2  conftest.c >&5
configure:3749: $? = 0
configure:3752: test -s conftest.o
configure:3755: $? = 0
configure:3765: result: yes
configure:3733: checking for unistd.h
configure:3746: gcc -c -g -O2  conftest.c >&5
configure:3749: $? = 0
configure:3752: test -s conftest.o
configure:3755: $? = 0
configure:3765: result: yes
configure:3791: checking dlfcn.h usability
configure:3800: gcc -c -g -O2  conftest.c >&5
configure:3803: $? = 0
configure:3806: test -s conftest.o
configure:3809: $? = 0
configure:3818: result: yes
configure:3822: checking dlfcn.h presence
configure:3829: gcc -E  conftest.c
configure:3835: $? = 0
configure:3853: result: yes
configure:3871: checking for dlfcn.h
configure:3878: result: yes
configure:3899: checking for file
configure:3954: result: /usr/bin/file
configure:4075: checking for ranlib
configure:4091: found /usr/bin/ranlib
configure:4102: result: ranlib
configure:4155: checking for strip
configure:4171: found /usr/bin/strip
configure:4182: result: strip
configure:4393: checking for objdir
configure:4404: result: .libs
configure:4421: checking for gcc option to produce PIC
configure:4571: result: -fPIC
configure:4575: checking if gcc PIC flag -fPIC works
configure:4601: gcc -c -g -O2 -fPIC -DPIC  conftest.c >&5
configure:4604: $? = 0
configure:4607: test -s conftest.o
configure:4610: $? = 0
configure:4647: result: yes
configure:4663: checking if gcc static flag -static works
configure:4690: gcc -o conftest -g -O2   -static conftest.c  >&5
/usr/lib/gcc-lib/mipsel-redhat-linux/2.96/../../../libc.a: could not read symbols: No more archived files
collect2: ld returned 1 exit status
configure:4693: $? = 1
configure: failed program was:
#line 4671 "configure"
#include "confdefs.h"

#ifdef F77_DUMMY_MAIN
#  ifdef __cplusplus
     extern "C"
#  endif
   int F77_DUMMY_MAIN() { return 1; }
#endif
int
main ()
{

  ;
  return 0;
}
configure:4714: result: no
configure:4726: checking if gcc supports -c -o file.o
configure:4748: gcc -c -g -O2 -o out/conftest2.o  conftest.c >&5
configure:4770: result: yes
configure:4775: checking if gcc supports -c -o file.lo
configure:4805: gcc -c -g -O2 -c -o conftest.lo  conftest.c >&5
configure:4808: $? = 0
configure:4811: test -s conftest.lo
configure:4814: $? = 0
configure:4835: result: yes
configure:4866: checking if gcc supports -fno-rtti -fno-exceptions
configure:4891: gcc -c -g -O2 -fno-rtti -fno-exceptions -c conftest.c  conftest.c >&5
configure:4894: $? = 0
configure:4897: test -s conftest.o
configure:4900: $? = 0
configure:4916: result: yes
configure:4927: checking whether the linker (/usr/bin/ld) supports shared libraries
configure:5607: result: yes
configure:5612: checking how to hardcode library paths into programs
configure:5636: result: immediate
configure:5641: checking whether stripping libraries is possible
configure:5646: result: yes
configure:5657: checking dynamic linker characteristics
configure:6050: result: GNU/Linux ld.so
configure:6055: checking if libtool supports shared libraries
configure:6057: result: yes
configure:6060: checking whether to build shared libraries
configure:6081: result: yes
configure:6084: checking whether to build static libraries
configure:6088: result: yes
configure:6750: checking whether -lc should be explicitly linked in
configure:6758: gcc -c -g -O2  conftest.c >&5
configure:6761: $? = 0
configure:6775: gcc -shared conftest.o  -v -Wl,-soname -Wl,conftest -o conftest 2\>\&1 \| grep  -lc  \>/dev/null 2\>\&1
configure:6778: $? = 0
configure:6791: result: no
configure:7362: checking whether to enable maintainer-specific portions of Makefiles
configure:7371: result: no
configure:7440: checking for g++
configure:7456: found /usr/bin/g++
configure:7466: result: g++
configure:7482: checking for C++ compiler version
configure:7485: g++ --version </dev/null >&5
2.96
configure:7488: $? = 0
configure:7490: g++ -v </dev/null >&5
Reading specs from /usr/lib/gcc-lib/mipsel-redhat-linux/2.96/specs
gcc version 2.96 20000731 (Red Hat Linux 7.1 2.96-96.1)
configure:7493: $? = 0
configure:7495: g++ -V </dev/null >&5
g++: argument to `-V' missing

configure:7498: $? = 1
configure:7501: checking whether we are using the GNU C++ compiler
configure:7528: g++ -c   conftest.cc >&5
configure:7531: $? = 0
configure:7534: test -s conftest.o
configure:7537: $? = 0
configure:7549: result: yes
configure:7555: checking whether g++ accepts -g
configure:7579: g++ -c -g  conftest.cc >&5
configure:7582: $? = 0
configure:7585: test -s conftest.o
configure:7588: $? = 0
configure:7598: result: yes
configure:7644: g++ -c -g -O2  conftest.cc >&5
configure:7647: $? = 0
configure:7650: test -s conftest.o
configure:7653: $? = 0
configure:7681: g++ -c -g -O2  conftest.cc >&5
configure: In function `int main ()':
configure:7673: `exit' undeclared (first use this function)
configure:7673: (Each undeclared identifier is reported only once for 
each function it appears in.)
configure:7684: $? = 1
configure: failed program was:
#line 7662 "configure"
#include "confdefs.h"

#ifdef F77_DUMMY_MAIN
#  ifdef __cplusplus
     extern "C"
#  endif
   int F77_DUMMY_MAIN() { return 1; }
#endif
int
main ()
{
exit (42);
  ;
  return 0;
}
configure:7644: g++ -c -g -O2  conftest.cc >&5
configure:7647: $? = 0
configure:7650: test -s conftest.o
configure:7653: $? = 0
configure:7681: g++ -c -g -O2  conftest.cc >&5
configure:7684: $? = 0
configure:7687: test -s conftest.o
configure:7690: $? = 0
configure:7714: checking dependency style of g++
configure:7776: result: none
configure:7786: checking how to run the C++ preprocessor
configure:7808: g++ -E  conftest.cc
configure:7814: $? = 0
configure:7841: g++ -E  conftest.cc
configure:7837:28: ac_nonexistent.h: No such file or directory
configure:7847: $? = 1
configure: failed program was:
#line 7836 "configure"
#include "confdefs.h"
#include <ac_nonexistent.h>
configure:7884: result: g++ -E
configure:7899: g++ -E  conftest.cc
configure:7905: $? = 0
configure:7932: g++ -E  conftest.cc
configure:7928:28: ac_nonexistent.h: No such file or directory
configure:7938: $? = 1
configure: failed program was:
#line 7927 "configure"
#include "confdefs.h"
#include <ac_nonexistent.h>
configure:8018: checking for ranlib
configure:8045: result: ranlib
configure:8069: checking for a BSD-compatible install
configure:8123: result: ./../install-sh -c
configure:8135: checking for ANSI C header files
configure:8262: result: yes
configure:8278: checking for unistd.h
configure:8283: result: yes
configure:8287: checking errno.h usability
configure:8296: gcc -c -g -O2  conftest.c >&5
configure:8299: $? = 0
configure:8302: test -s conftest.o
configure:8305: $? = 0
configure:8314: result: yes
configure:8318: checking errno.h presence
configure:8325: gcc -E  conftest.c
configure:8331: $? = 0
configure:8349: result: yes
configure:8367: checking for errno.h
configure:8374: result: yes
configure:8470: creating ./config.status

## ---------------------- ##
## Running config.status. ##
## ---------------------- ##

This file was extended by config.status, which was
generated by GNU Autoconf 2.53a.  Invocation command line was

  CONFIG_FILES    = 
  CONFIG_HEADERS  = 
  CONFIG_LINKS    = 
  CONFIG_COMMANDS = 
  $ ./config.status 

on (none)

config.status:658: creating Makefile
config.status:658: creating src/Makefile
config.status:658: creating prj/Makefile
config.status:658: creating include/Makefile
config.status:658: creating lib/Makefile
config.status:762: creating config.h
config.status:981: executing default-1 commands

## ---------------- ##
## Cache variables. ##
## ---------------- ##

ac_cv_build=mipsel-unknown-linux-gnu
ac_cv_build_alias=mipsel-unknown-linux-gnu
ac_cv_c_compiler_gnu=yes
ac_cv_cxx_compiler_gnu=yes
ac_cv_env_CC_set=
ac_cv_env_CC_value=
ac_cv_env_CFLAGS_set=
ac_cv_env_CFLAGS_value=
ac_cv_env_CPPFLAGS_set=
ac_cv_env_CPPFLAGS_value=
ac_cv_env_CPP_set=
ac_cv_env_CPP_value=
ac_cv_env_CXXCPP_set=
ac_cv_env_CXXCPP_value=
ac_cv_env_CXXFLAGS_set=
ac_cv_env_CXXFLAGS_value=
ac_cv_env_CXX_set=
ac_cv_env_CXX_value=
ac_cv_env_LDFLAGS_set=
ac_cv_env_LDFLAGS_value=
ac_cv_env_build_alias_set=
ac_cv_env_build_alias_value=
ac_cv_env_host_alias_set=
ac_cv_env_host_alias_value=
ac_cv_env_target_alias_set=
ac_cv_env_target_alias_value=
ac_cv_exeext=
ac_cv_header_dlfcn_h=yes
ac_cv_header_errno_h=yes
ac_cv_header_inttypes_h=yes
ac_cv_header_memory_h=yes
ac_cv_header_stdc=yes
ac_cv_header_stdint_h=yes
ac_cv_header_stdlib_h=yes
ac_cv_header_string_h=yes
ac_cv_header_strings_h=yes
ac_cv_header_sys_stat_h=yes
ac_cv_header_sys_types_h=yes
ac_cv_header_unistd_h=yes
ac_cv_host=mipsel-unknown-linux-gnu
ac_cv_host_alias=mipsel-unknown-linux-gnu
ac_cv_objext=o
ac_cv_prog_AWK=gawk
ac_cv_prog_CPP='gcc -E'
ac_cv_prog_CXXCPP='g++ -E'
ac_cv_prog_ac_ct_CC=gcc
ac_cv_prog_ac_ct_CXX=g++
ac_cv_prog_ac_ct_RANLIB=ranlib
ac_cv_prog_ac_ct_STRIP=strip
ac_cv_prog_cc_g=yes
ac_cv_prog_cc_stdc=
ac_cv_prog_cxx_g=yes
ac_cv_prog_make_make_set=yes
am_cv_CC_dependencies_compiler_type=none
am_cv_CXX_dependencies_compiler_type=none
lt_cv_archive_cmds_need_lc=no
lt_cv_compiler_c_o=yes
lt_cv_compiler_o_lo=yes
lt_cv_deplibs_check_method='file_magic ELF [0-9][0-9]*-bit [LM]SB (shared object|dynamic lib )'
lt_cv_file_magic_cmd='$MAGIC_CMD'
lt_cv_file_magic_test_file='/lib/libc.so.6 /lib/libc-2.2.4.so'
lt_cv_global_symbol_to_c_name_address='sed -n -e '\''s/^: \([^ ]*\) $/  {\"\1\", (lt_ptr) 0},/p'\'' -e '\''s/^[BCDEGRST] \([^ ]*\) \([^ ]*\)$/  {"\2", (lt_ptr) \&\2},/p'\'''
lt_cv_global_symbol_to_cdecl='sed -n -e '\''s/^. .* \(.*\)$/extern char \1;/p'\'''
lt_cv_ld_reload_flag=-r
lt_cv_path_LD=/usr/bin/ld
lt_cv_path_MAGIC_CMD=/usr/bin/file
lt_cv_path_NM='/usr/bin/nm -B'
lt_cv_prog_cc_can_build_shared=yes
lt_cv_prog_cc_no_builtin=
lt_cv_prog_cc_pic=' -fPIC'
lt_cv_prog_cc_pic_works=yes
lt_cv_prog_cc_shlib=
lt_cv_prog_cc_static=
lt_cv_prog_cc_static_works=no
lt_cv_prog_cc_wl=-Wl,
lt_cv_prog_gnu_ld=yes
lt_cv_sys_global_symbol_pipe='sed -n -e '\''s/^.*[ 	]\([ABCDGISTW][ABCDGISTW]*\)[ 	][ 	]*\(\)\([_A-Za-z][_A-Za-z0-9]*\)$/\1 \2\3 \3/p'\'''

## ----------- ##
## confdefs.h. ##
## ----------- ##

#define PACKAGE_NAME ""
#define PACKAGE_TARNAME ""
#define PACKAGE_VERSION ""
#define PACKAGE_STRING ""
#define PACKAGE_BUGREPORT ""
#define PACKAGE "zlib"
#define VERSION "1.1.3"
#define STDC_HEADERS 1
#define HAVE_SYS_TYPES_H 1
#define HAVE_SYS_STAT_H 1
#define HAVE_STDLIB_H 1
#define HAVE_STRING_H 1
#define HAVE_MEMORY_H 1
#define HAVE_STRINGS_H 1
#define HAVE_INTTYPES_H 1
#define HAVE_STDINT_H 1
#define HAVE_UNISTD_H 1
#define HAVE_DLFCN_H 1
#ifdef __cplusplus
#include <stdlib.h>
#endif
#define STDC_HEADERS 1
#define HAVE_UNISTD_H 1
#define HAVE_ERRNO_H 1

configure: exit 0
